#
# There is insufficient memory for the Java Runtime Environment to continue.
# Native memory allocation (mmap) failed to map 14680064 bytes. Error detail: G1 virtual space
# Possible reasons:
#   The system is out of physical RAM or swap space
#   This process is running with CompressedOops enabled, and the Java Heap may be blocking the growth of the native heap
# Possible solutions:
#   Reduce memory load on the system
#   Increase physical memory or swap space
#   Check if swap backing store is full
#   Decrease Java heap size (-Xmx/-Xms)
#   Decrease number of Java threads
#   Decrease Java thread stack sizes (-Xss)
#   Set larger code cache with -XX:ReservedCodeCacheSize=
#   JVM is running with Zero Based Compressed Oops mode in which the Java heap is
#     placed in the first 32GB address space. The Java Heap base address is the
#     maximum limit for the native heap growth. Please use -XX:HeapBaseMinAddress
#     to set the Java Heap base and to place the Java Heap above 32GB virtual address.
# This output file may be truncated or incomplete.
#
#  Out of Memory Error (os_windows.cpp:3564), pid=24880, tid=18596
#
# JRE version: Java(TM) SE Runtime Environment Oracle GraalVM 24+36.1 (24.0+36) (build 24+36-jvmci-b01)
# Java VM: Java HotSpot(TM) 64-Bit Server VM Oracle GraalVM 24+36.1 (24+36-jvmci-b01, mixed mode, sharing, tiered, jvmci, jvmci compiler, compressed oops, compressed class ptrs, g1 gc, windows-amd64)
# No core dump will be written. Minidumps are not enabled by default on client versions of Windows
#

---------------  S U M M A R Y ------------

Command Line: -XX:ThreadPriorityPolicy=1 -XX:+UnlockExperimentalVMOptions -XX:+EnableJVMCIProduct -XX:-UnlockExperimentalVMOptions -Dfile.encoding=GBK -Duser.country=CN -Duser.language=zh -Duser.variant top.toobee.spring.Main

Host: AMD Ryzen 7 5800H with Radeon Graphics         , 16 cores, 15G,  Windows 10 , 64 bit Build 19041 (10.0.19041.5915)
Time: Tue Jul 22 21:35:56 2025  Windows 10 , 64 bit Build 19041 (10.0.19041.5915) elapsed time: 32.317773 seconds (0d 0h 0m 32s)

---------------  T H R E A D  ---------------

Current thread (0x000001437ee66500):  VMThread "VM Thread"          [id=18596, stack(0x00000001fb200000,0x00000001fb300000) (1024K)]

Stack: [0x00000001fb200000,0x00000001fb300000]
Native frames: (J=compiled Java code, j=interpreted, Vv=VM code, C=native code)
V  [jvm.dll+0x7308c9]  (no source info available)
V  [jvm.dll+0x8d9ca3]  (no source info available)
V  [jvm.dll+0x8dc13d]  (no source info available)
V  [jvm.dll+0x8dc7b3]  (no source info available)
V  [jvm.dll+0x2aa046]  (no source info available)
V  [jvm.dll+0x72cdf5]  (no source info available)
V  [jvm.dll+0x72091a]  (no source info available)
V  [jvm.dll+0x390d8a]  (no source info available)
V  [jvm.dll+0x398a96]  (no source info available)
V  [jvm.dll+0x3852de]  (no source info available)
V  [jvm.dll+0x385598]  (no source info available)
V  [jvm.dll+0x35d16c]  (no source info available)
V  [jvm.dll+0x35d1fa]  (no source info available)
V  [jvm.dll+0x3aa7a2]  (no source info available)
V  [jvm.dll+0x3a8e22]  (no source info available)
V  [jvm.dll+0x35c937]  (no source info available)
V  [jvm.dll+0x3a85d4]  (no source info available)
V  [jvm.dll+0x8e2872]  (no source info available)
V  [jvm.dll+0x8e3bbc]  (no source info available)
V  [jvm.dll+0x8e4128]  (no source info available)
V  [jvm.dll+0x8e43c3]  (no source info available)
V  [jvm.dll+0x87d8fb]  (no source info available)
V  [jvm.dll+0x72efe5]  (no source info available)
C  [ucrtbase.dll+0x21bb2]  (no source info available)
C  [KERNEL32.DLL+0x17374]  (no source info available)
C  [ntdll.dll+0x4cc91]  (no source info available)

VM_Operation (0x00000001fdbf6bb0): G1CollectForAllocation, mode: safepoint, requested by thread 0x00000143568fc2f0


---------------  P R O C E S S  ---------------

Threads class SMR info:
_java_thread_list=0x0000014358cb1310, length=29, elements={
0x000001436e63c590, 0x000001437ee75ba0, 0x000001437ee76440, 0x000001437ee77ee0,
0x000001437ee78a10, 0x000001437ee7b550, 0x000001437ee7c080, 0x000001437ee88480,
0x000001437ee8d020, 0x00000143561a6e50, 0x0000014356222c00, 0x0000014357bbd1f0,
0x0000014357bbd940, 0x0000014357bbbc00, 0x0000014357bbb4b0, 0x0000014357bbc350,
0x00000143568fca40, 0x00000143568f9710, 0x00000143568f7280, 0x00000143568fc2f0,
0x00000143568fd190, 0x00000143568fa5b0, 0x00000143568f6b30, 0x00000143568f63e0,
0x00000143568f79d0, 0x00000143568f8870, 0x00000143568f8fc0, 0x00000143568fad00,
0x0000014358b5a770
}

Java Threads: ( => current thread )
  0x000001436e63c590 JavaThread "main"                              [_thread_in_native, id=888, stack(0x00000001fab00000,0x00000001fac00000) (1024K)]
  0x000001437ee75ba0 JavaThread "Reference Handler"          daemon [_thread_blocked, id=45816, stack(0x00000001fb300000,0x00000001fb400000) (1024K)]
  0x000001437ee76440 JavaThread "Finalizer"                  daemon [_thread_blocked, id=53712, stack(0x00000001fb400000,0x00000001fb500000) (1024K)]
  0x000001437ee77ee0 JavaThread "Signal Dispatcher"          daemon [_thread_blocked, id=44300, stack(0x00000001fb500000,0x00000001fb600000) (1024K)]
  0x000001437ee78a10 JavaThread "Attach Listener"            daemon [_thread_blocked, id=44184, stack(0x00000001fb600000,0x00000001fb700000) (1024K)]
  0x000001437ee7b550 JavaThread "Service Thread"             daemon [_thread_blocked, id=48484, stack(0x00000001fb700000,0x00000001fb800000) (1024K)]
  0x000001437ee7c080 JavaThread "Monitor Deflation Thread"   daemon [_thread_blocked, id=52336, stack(0x00000001fb800000,0x00000001fb900000) (1024K)]
  0x000001437ee88480 JavaThread "JVMCI-native CompilerThread0" daemon [_thread_blocked, id=14812, stack(0x00000001fb900000,0x00000001fba00000) (1024K)]
  0x000001437ee8d020 JavaThread "C1 CompilerThread0"         daemon [_thread_blocked, id=37312, stack(0x00000001fba00000,0x00000001fbb00000) (1024K)]
  0x00000143561a6e50 JavaThread "Common-Cleaner"             daemon [_thread_blocked, id=40380, stack(0x00000001fbc00000,0x00000001fbd00000) (1024K)]
  0x0000014356222c00 JavaThread "Notification Thread"        daemon [_thread_blocked, id=49792, stack(0x00000001fc000000,0x00000001fc100000) (1024K)]
  0x0000014357bbd1f0 JavaThread "Catalina-utility-1"                [_thread_blocked, id=54800, stack(0x00000001fd200000,0x00000001fd300000) (1024K)]
  0x0000014357bbd940 JavaThread "Catalina-utility-2"                [_thread_blocked, id=46820, stack(0x00000001fd300000,0x00000001fd400000) (1024K)]
  0x0000014357bbbc00 JavaThread "container-0"                       [_thread_blocked, id=49300, stack(0x00000001fd400000,0x00000001fd500000) (1024K)]
  0x0000014357bbb4b0 JavaThread "PostgreSQL-JDBC-Cleaner"    daemon [_thread_blocked, id=51824, stack(0x00000001fc100000,0x00000001fc200000) (1024K)]
  0x0000014357bbc350 JavaThread "HikariPool-1:housekeeper"   daemon [_thread_blocked, id=43536, stack(0x00000001fd600000,0x00000001fd700000) (1024K)]
  0x00000143568fca40 JavaThread "http-nio-8080-exec-1"       daemon [_thread_blocked, id=30144, stack(0x00000001fd800000,0x00000001fd900000) (1024K)]
  0x00000143568f9710 JavaThread "http-nio-8080-exec-2"       daemon [_thread_blocked, id=21904, stack(0x00000001fd900000,0x00000001fda00000) (1024K)]
  0x00000143568f7280 JavaThread "http-nio-8080-exec-3"       daemon [_thread_blocked, id=6664, stack(0x00000001fda00000,0x00000001fdb00000) (1024K)]
  0x00000143568fc2f0 JavaThread "http-nio-8080-exec-4"       daemon [_thread_blocked, id=23488, stack(0x00000001fdb00000,0x00000001fdc00000) (1024K)]
  0x00000143568fd190 JavaThread "http-nio-8080-exec-5"       daemon [_thread_blocked, id=41280, stack(0x00000001fdc00000,0x00000001fdd00000) (1024K)]
  0x00000143568fa5b0 JavaThread "http-nio-8080-exec-6"       daemon [_thread_blocked, id=14176, stack(0x00000001fdd00000,0x00000001fde00000) (1024K)]
  0x00000143568f6b30 JavaThread "http-nio-8080-exec-7"       daemon [_thread_blocked, id=44580, stack(0x00000001fde00000,0x00000001fdf00000) (1024K)]
  0x00000143568f63e0 JavaThread "http-nio-8080-exec-8"       daemon [_thread_blocked, id=51468, stack(0x00000001fdf00000,0x00000001fe000000) (1024K)]
  0x00000143568f79d0 JavaThread "http-nio-8080-exec-9"       daemon [_thread_blocked, id=53468, stack(0x00000001fe000000,0x00000001fe100000) (1024K)]
  0x00000143568f8870 JavaThread "http-nio-8080-exec-10"      daemon [_thread_blocked, id=54264, stack(0x00000001fe100000,0x00000001fe200000) (1024K)]
  0x00000143568f8fc0 JavaThread "http-nio-8080-Poller"       daemon [_thread_in_native, id=41956, stack(0x00000001fe200000,0x00000001fe300000) (1024K)]
  0x00000143568fad00 JavaThread "http-nio-8080-Acceptor"     daemon [_thread_in_native, id=5088, stack(0x00000001fe300000,0x00000001fe400000) (1024K)]
  0x0000014358b5a770 JavaThread "JVMCI-native CompilerThread1" daemon [_thread_blocked, id=46488, stack(0x00000001fbb00000,0x00000001fbc00000) (1024K)]
Total: 29

Other Threads:
=>0x000001437ee66500 VMThread "VM Thread"                           [id=18596, stack(0x00000001fb200000,0x00000001fb300000) (1024K)]
  0x000001437ed32320 WatcherThread "VM Periodic Task Thread"        [id=17476, stack(0x00000001fb100000,0x00000001fb200000) (1024K)]
  0x000001436e6aab90 WorkerThread "GC Thread#0"                     [id=54344, stack(0x00000001fac00000,0x00000001fad00000) (1024K)]
  0x0000014357158930 WorkerThread "GC Thread#1"                     [id=21640, stack(0x00000001fc300000,0x00000001fc400000) (1024K)]
  0x0000014357158ce0 WorkerThread "GC Thread#2"                     [id=39080, stack(0x00000001fc400000,0x00000001fc500000) (1024K)]
  0x0000014357154eb0 WorkerThread "GC Thread#3"                     [id=52476, stack(0x00000001fc500000,0x00000001fc600000) (1024K)]
  0x00000143571a82b0 WorkerThread "GC Thread#4"                     [id=3124, stack(0x00000001fc600000,0x00000001fc700000) (1024K)]
  0x00000143571a8a60 WorkerThread "GC Thread#5"                     [id=41432, stack(0x00000001fc700000,0x00000001fc800000) (1024K)]
  0x000001435719ced0 WorkerThread "GC Thread#6"                     [id=12120, stack(0x00000001fc800000,0x00000001fc900000) (1024K)]
  0x00000143577b9cc0 WorkerThread "GC Thread#7"                     [id=29412, stack(0x00000001fc200000,0x00000001fc300000) (1024K)]
  0x00000143577ba420 WorkerThread "GC Thread#8"                     [id=38188, stack(0x00000001fc900000,0x00000001fca00000) (1024K)]
  0x0000014357851010 WorkerThread "GC Thread#9"                     [id=36180, stack(0x00000001fca00000,0x00000001fcb00000) (1024K)]
  0x0000014357854760 WorkerThread "GC Thread#10"                    [id=51684, stack(0x00000001fcb00000,0x00000001fcc00000) (1024K)]
  0x0000014357851ed0 WorkerThread "GC Thread#11"                    [id=15064, stack(0x00000001fcc00000,0x00000001fcd00000) (1024K)]
  0x0000014357852630 WorkerThread "GC Thread#12"                    [id=48232, stack(0x00000001fcf00000,0x00000001fd000000) (1024K)]
  0x000001436e6bfa90 ConcurrentGCThread "G1 Main Marker"            [id=50744, stack(0x00000001fad00000,0x00000001fae00000) (1024K)]
  0x000001436e6c1d50 WorkerThread "G1 Conc#0"                       [id=52244, stack(0x00000001fae00000,0x00000001faf00000) (1024K)]
  0x0000014357851770 WorkerThread "G1 Conc#1"                       [id=3528, stack(0x00000001fcd00000,0x00000001fce00000) (1024K)]
  0x0000014357853c50 WorkerThread "G1 Conc#2"                       [id=41676, stack(0x00000001fce00000,0x00000001fcf00000) (1024K)]
  0x000001437ed15180 ConcurrentGCThread "G1 Refine#0"               [id=7396, stack(0x00000001faf00000,0x00000001fb000000) (1024K)]
  0x000001437ed16b20 ConcurrentGCThread "G1 Service"                [id=45936, stack(0x00000001fb000000,0x00000001fb100000) (1024K)]
Total: 21

Threads with active compile tasks:
JVMCI-native CompilerThread0  32398 7054   !   4       java.util.zip.InflaterInputStream::read (129 bytes)
Total: 1

VM state: at safepoint (normal execution)

VM Mutex/Monitor currently owned by a thread:  ([mutex/lock_event])
[0x00007ffbaa4844c0] Threads_lock - owner thread: 0x000001437ee66500
[0x00007ffbaa4845c0] Heap_lock - owner thread: 0x00000143568fc2f0

Heap address: 0x0000000702400000, size: 4060 MB, Compressed Oops mode: Zero based, Oop shift amount: 3

CDS archive(s) mapped at: [0x0000014311000000-0x0000014311d60000-0x0000014311d60000), size 14024704, SharedBaseAddress: 0x0000014311000000, ArchiveRelocationMode: 1.
Compressed class space mapped at: 0x0000014312000000-0x0000014352000000, reserved size: 1073741824
UseCompressedClassPointers 1, UseCompactObjectHeaders 0
Narrow klass pointer bits 32, Max shift 3
Narrow klass base: 0x0000014311000000, Narrow klass shift: 0
Encoding Range: [0x0000014311000000 - 0x0000014411000000), (4294967296 bytes)
Klass Range:    [0x0000014311000000 - 0x0000014352000000), (1090519040 bytes)
Klass ID Range:  [8 - 1090519033) (1090519025)

GC Precious Log:
 CardTable entry size: 512
 Card Set container configuration: InlinePtr #cards 4 size 8 Array Of Cards #cards 16 size 48 Howl #buckets 8 coarsen threshold 3686 Howl Bitmap #cards 512 size 80 coarsen threshold 460 Card regions per heap region 1 cards per card region 4096
 CPUs: 16 total, 16 available
 Memory: 16236M
 Large Page Support: Disabled
 NUMA Support: Disabled
 Compressed Oops: Enabled (Zero based)
 Heap Region Size: 2M
 Heap Min Capacity: 8M
 Heap Initial Capacity: 254M
 Heap Max Capacity: 4060M
 Pre-touch: Disabled
 Parallel Workers: 13
 Concurrent Workers: 3
 Concurrent Refinement Workers: 13
 Periodic GC: Disabled

Heap:
 garbage-first heap   total reserved 4157440K, committed 69632K, used 34359K [0x0000000702400000, 0x0000000800000000)
  region size 2048K, 1 young (2048K), 1 survivors (2048K)
 Metaspace       used 69700K, committed 70272K, reserved 1114112K
  class space    used 7191K, committed 7424K, reserved 1048576K

Heap Regions: E=young(eden), S=young(survivor), O=old, HS=humongous(starts), HC=humongous(continues), CS=collection set, F=free, TAMS=top-at-mark-start, PB=parsable bottom
|   0|0x0000000702400000, 0x0000000702600000, 0x0000000702600000|100%|HS|  |TAMS 0x0000000702600000| PB 0x0000000702400000| Complete |  0
|   1|0x0000000702600000, 0x0000000702800000, 0x0000000702800000|100%| O|  |TAMS 0x0000000702800000| PB 0x0000000702600000| Untracked |  0
|   2|0x0000000702800000, 0x00000007029f2848, 0x0000000702a00000| 97%| O|  |TAMS 0x00000007029f2848| PB 0x0000000702800000| Untracked |  0
|   3|0x0000000702a00000, 0x0000000702c00000, 0x0000000702c00000|100%| O|  |TAMS 0x0000000702c00000| PB 0x0000000702a00000| Untracked |  0
|   4|0x0000000702c00000, 0x0000000702e00000, 0x0000000702e00000|100%| O|  |TAMS 0x0000000702e00000| PB 0x0000000702c00000| Untracked |  0
|   5|0x0000000702e00000, 0x0000000703000000, 0x0000000703000000|100%| O|  |TAMS 0x0000000703000000| PB 0x0000000702e00000| Untracked |  0
|   6|0x0000000703000000, 0x0000000703200000, 0x0000000703200000|100%| O|  |TAMS 0x0000000703200000| PB 0x0000000703000000| Untracked |  0
|   7|0x0000000703200000, 0x0000000703400000, 0x0000000703400000|100%| O|  |TAMS 0x0000000703400000| PB 0x0000000703200000| Untracked |  0
|   8|0x0000000703400000, 0x0000000703600000, 0x0000000703600000|100%| O|  |TAMS 0x0000000703600000| PB 0x0000000703400000| Untracked |  0
|   9|0x0000000703600000, 0x0000000703800000, 0x0000000703800000|100%| O|  |TAMS 0x0000000703800000| PB 0x0000000703600000| Untracked |  0
|  10|0x0000000703800000, 0x0000000703800000, 0x0000000703a00000|  0%| F|  |TAMS 0x0000000703800000| PB 0x0000000703800000| Untracked |  0
|  11|0x0000000703a00000, 0x0000000703c00000, 0x0000000703c00000|100%| O|  |TAMS 0x0000000703c00000| PB 0x0000000703a00000| Untracked |  0
|  12|0x0000000703c00000, 0x0000000703e00000, 0x0000000703e00000|100%| O|  |TAMS 0x0000000703e00000| PB 0x0000000703c00000| Untracked |  0
|  13|0x0000000703e00000, 0x0000000704000000, 0x0000000704000000|100%| O|  |TAMS 0x0000000704000000| PB 0x0000000703e00000| Untracked |  0
|  14|0x0000000704000000, 0x0000000704200000, 0x0000000704200000|100%| O|  |TAMS 0x0000000704200000| PB 0x0000000704000000| Untracked |  0
|  15|0x0000000704200000, 0x0000000704400000, 0x0000000704400000|100%| O|  |TAMS 0x0000000704400000| PB 0x0000000704200000| Untracked |  0
|  16|0x0000000704400000, 0x0000000704400000, 0x0000000704600000|  0%| F|  |TAMS 0x0000000704400000| PB 0x0000000704400000| Untracked |  0
|  17|0x0000000704600000, 0x0000000704600000, 0x0000000704800000|  0%| F|  |TAMS 0x0000000704600000| PB 0x0000000704600000| Untracked |  0
|  18|0x0000000704800000, 0x00000007049a10c0, 0x0000000704a00000| 81%| O|  |TAMS 0x00000007049a10c0| PB 0x0000000704800000| Untracked |  0
|  19|0x0000000704a00000, 0x0000000704bfa498, 0x0000000704c00000| 98%| S|CS|TAMS 0x0000000704a00000| PB 0x0000000704a00000| Complete |  0
|  20|0x0000000704c00000, 0x0000000704c00000, 0x0000000704e00000|  0%| F|  |TAMS 0x0000000704c00000| PB 0x0000000704c00000| Untracked |  0
|  21|0x0000000704e00000, 0x0000000704e00000, 0x0000000705000000|  0%| F|  |TAMS 0x0000000704e00000| PB 0x0000000704e00000| Untracked |  0
|  22|0x0000000705000000, 0x0000000705000000, 0x0000000705200000|  0%| F|  |TAMS 0x0000000705000000| PB 0x0000000705000000| Untracked |  0
|  23|0x0000000705200000, 0x0000000705200000, 0x0000000705400000|  0%| F|  |TAMS 0x0000000705200000| PB 0x0000000705200000| Untracked |  0
|  24|0x0000000705400000, 0x0000000705400000, 0x0000000705600000|  0%| F|  |TAMS 0x0000000705400000| PB 0x0000000705400000| Untracked |  0
|  25|0x0000000705600000, 0x0000000705600000, 0x0000000705800000|  0%| F|  |TAMS 0x0000000705600000| PB 0x0000000705600000| Untracked |  0
|  96|0x000000070e400000, 0x000000070e400000, 0x000000070e600000|  0%| F|  |TAMS 0x000000070e400000| PB 0x000000070e400000| Untracked |  0
|  97|0x000000070e600000, 0x000000070e600000, 0x000000070e800000|  0%| F|  |TAMS 0x000000070e600000| PB 0x000000070e600000| Untracked |  0
|  98|0x000000070e800000, 0x000000070e800000, 0x000000070ea00000|  0%| F|  |TAMS 0x000000070e800000| PB 0x000000070e800000| Untracked |  0
|  99|0x000000070ea00000, 0x000000070ea00000, 0x000000070ec00000|  0%| F|  |TAMS 0x000000070ea00000| PB 0x000000070ea00000| Untracked |  0
| 103|0x000000070f200000, 0x000000070f200000, 0x000000070f400000|  0%| F|  |TAMS 0x000000070f200000| PB 0x000000070f200000| Untracked |  0
| 104|0x000000070f400000, 0x000000070f400000, 0x000000070f600000|  0%| F|  |TAMS 0x000000070f400000| PB 0x000000070f400000| Untracked |  0
| 126|0x0000000712000000, 0x0000000712000000, 0x0000000712200000|  0%| F|  |TAMS 0x0000000712000000| PB 0x0000000712000000| Untracked |  0
|2029|0x00000007ffe00000, 0x00000007ffe00000, 0x0000000800000000|  0%| F|  |TAMS 0x00000007ffe00000| PB 0x00000007ffe00000| Untracked |  0

Card table byte_map: [0x00000143799c0000,0x000001437a1b0000] _byte_map_base: 0x00000143761ae000

Marking Bits: (CMBitMap*) 0x000001436e6ab2a0
 Bits: [0x000001437a1b0000, 0x000001437e120000)

Polling page: 0x000001436c5c0000

Metaspace:

Usage:
  Non-class:     61.04 MB used.
      Class:      7.02 MB used.
       Both:     68.07 MB used.

Virtual space:
  Non-class space:       64.00 MB reserved,      61.38 MB ( 96%) committed,  1 nodes.
      Class space:        1.00 GB reserved,       7.25 MB ( <1%) committed,  1 nodes.
             Both:        1.06 GB reserved,      68.62 MB (  6%) committed. 

Chunk freelists:
   Non-Class:  1.77 MB
       Class:  8.64 MB
        Both:  10.41 MB

MaxMetaspaceSize: unlimited
CompressedClassSpaceSize: 1.00 GB
Initial GC threshold: 21.00 MB
Current GC threshold: 98.56 MB
CDS: on
 - commit_granule_bytes: 65536.
 - commit_granule_words: 8192.
 - virtual_space_node_default_size: 8388608.
 - enlarge_chunks_in_place: 1.
UseCompressedClassPointers 1, UseCompactObjectHeaders 0
Narrow klass pointer bits 32, Max shift 3
Narrow klass base: 0x0000014311000000, Narrow klass shift: 0
Encoding Range: [0x0000014311000000 - 0x0000014411000000), (4294967296 bytes)
Klass Range:    [0x0000014311000000 - 0x0000014352000000), (1090519040 bytes)
Klass ID Range:  [8 - 1090519033) (1090519025)


Internal statistics:

num_allocs_failed_limit: 9.
num_arena_births: 744.
num_arena_deaths: 0.
num_vsnodes_births: 2.
num_vsnodes_deaths: 0.
num_space_committed: 1098.
num_space_uncommitted: 0.
num_chunks_returned_to_freelist: 9.
num_chunks_taken_from_freelist: 3101.
num_chunk_merges: 9.
num_chunk_splits: 2292.
num_chunks_enlarged: 1868.
num_inconsistent_stats: 0.

CodeHeap 'non-profiled nmethods': size=118976Kb used=3512Kb max_used=3512Kb free=115463Kb
 bounds [0x0000014307bd0000, 0x0000014307f40000, 0x000001430f000000]
CodeHeap 'profiled nmethods': size=118848Kb used=16194Kb max_used=16194Kb free=102653Kb
 bounds [0x0000014300000000, 0x0000014300fe0000, 0x0000014307410000]
CodeHeap 'non-nmethods': size=7936Kb used=1604Kb max_used=3873Kb free=6332Kb
 bounds [0x0000014307410000, 0x00000143077e0000, 0x0000014307bd0000]
CodeCache: size=245760Kb, used=21310Kb, max_used=23579Kb, free=224448Kb
 total_blobs=6902, nmethods=6174, adapters=616, full_count=0
Compilation: enabled, stopped_count=0, restarted_count=0

JVMCI Events (20 events):
Event: 30.529 Thread 0x0000014358da8970 shut down JVMCI runtime 2
Event: 30.531 Thread 0x0000014358da8970 destroyed JavaVM[13]@0x0000014b7fc57458 for JVMCI runtime 2
Event: 30.531 Thread 0x0000014358da8970 releasing handles for JVMCI runtime 2: oop handles=113, metadata handles={total=181, live=176, blocks=31}
Event: 30.531 Thread 0x0000014358da8970 detached from JVMCI runtime 2
Event: 30.570 Thread 0x000001437ee88480 detaching from JVMCI runtime 3: releasing idle compiler thread (0 other threads still attached)
Event: 30.570 Thread 0x000001437ee88480 shutting down HotSpotJVMCIRuntime for JVMCI runtime 3
Event: 30.570 Thread 0x000001437ee88480 shut down JVMCI runtime 3
Event: 30.573 Thread 0x000001437ee88480 destroyed JavaVM[12]@0x000001437fc57458 for JVMCI runtime 3
Event: 30.573 Thread 0x000001437ee88480 releasing handles for JVMCI runtime 3: oop handles=120, metadata handles={total=352, live=339, blocks=40}
Event: 30.573 Thread 0x000001437ee88480 detached from JVMCI runtime 3
Event: 32.244 Thread 0x000001437ee88480 attached to JVMCI runtime 3
Event: 32.246 Thread 0x000001437ee88480 created JavaVM[14]@0x000001437fc57458 for JVMCI runtime 3
Event: 32.246 Thread 0x000001437ee88480 initializing JVMCI runtime 3
Event: 32.246 Thread 0x000001437ee88480 done waiting for JavaVM references initialization in JVMCI runtime 3
Event: 32.246 Thread 0x000001437ee88480 initialized JVMCI runtime 3
Event: 32.307 Thread 0x0000014358b5a770 attached to JVMCI runtime 2
Event: 32.307 Thread 0x0000014358b5a770 [s\open\src\hotspot\share\compiler\compileBroker.cpp:2239] Error creating libjvmci (err: -1000000801, Reserving address space for the new isolate failed.)
Event: 32.307 Thread 0x0000014358b5a770 [s\open\src\hotspot\share\compiler\compileBroker.cpp:2239] Error creating libjvmci (err: -1000000801, Reserving address space for the new isolate failed.)
Event: 32.307 Thread 0x0000014358b5a770 [s\open\src\hotspot\share\compiler\compileBroker.cpp:2239] Error creating libjvmci (err: -1000000801, Reserving address space for the new isolate failed.)
Event: 32.307 Thread 0x0000014358b5a770 [s\open\src\hotspot\share\compiler\compileBroker.cpp:2239] Error creating libjvmci (err: -1000000801, Reserving address space for the new isolate failed.)

Compilation events (20 events):
Event: 32.307 Thread 0x0000014358b5a770 7069       4       java.util.HashMap::put (13 bytes)
Event: 32.307 Thread 0x0000014358b5a770 

Event: 32.307 Thread 0x0000014358b5a770 7055       4       java.lang.StringBuilder::append (10 bytes)
Event: 32.307 Thread 0x0000014358b5a770 

Event: 32.307 Thread 0x0000014358b5a770 7047  s    4       java.io.ByteArrayOutputStream::write (43 bytes)
Event: 32.307 Thread 0x000001437ee8d020 7071       3       com.fasterxml.jackson.databind.cfg.MapperConfig::isEnabled (9 bytes)
Event: 32.307 Thread 0x0000014358b5a770 

Event: 32.307 Thread 0x000001437ee8d020 nmethod 7071 0x0000014300fcbe88 code [0x0000014300fcbfa0, 0x0000014300fcc338]
Event: 32.307 Thread 0x000001437ee8d020 7072       3       com.fasterxml.jackson.databind.MapperFeature::enabledIn (17 bytes)
Event: 32.307 Thread 0x000001437ee8d020 nmethod 7072 0x0000014300fcc388 code [0x0000014300fcc4a0, 0x0000014300fcc600]
Event: 32.310 Thread 0x000001437ee8d020 7073       1       java.lang.Thread::threadId (5 bytes)
Event: 32.310 Thread 0x000001437ee8d020 nmethod 7073 0x0000014307f3dc08 code [0x0000014307f3dd00, 0x0000014307f3ddc8]
Event: 32.310 Thread 0x000001437ee8d020 7074       3       java.util.concurrent.atomic.AtomicLongArray::get (12 bytes)
Event: 32.310 Thread 0x000001437ee8d020 nmethod 7074 0x0000014300fcc688 code [0x0000014300fcc7c0, 0x0000014300fcce98]
Event: 32.310 Thread 0x000001437ee8d020 7075       3       java.lang.invoke.VarHandleGuards::guard_LI_J (78 bytes)
Event: 32.311 Thread 0x000001437ee8d020 nmethod 7075 0x0000014300fccf08 code [0x0000014300fcd1c0, 0x0000014300fcfec0]
Event: 32.311 Thread 0x000001437ee8d020 7076       3       java.lang.invoke.VarHandleLongs$Array::getVolatile (42 bytes)
Event: 32.311 Thread 0x000001437ee8d020 nmethod 7076 0x0000014300fcff88 code [0x0000014300fd00a0, 0x0000014300fd0648]
Event: 32.311 Thread 0x000001437ee8d020 7078       3       com.fasterxml.jackson.databind.util.internal.PrivateMaxEntriesMap::readBufferIndex (7 bytes)
Event: 32.311 Thread 0x000001437ee8d020 nmethod 7078 0x0000014300fd0688 code [0x0000014300fd07a0, 0x0000014300fd0890]

GC Heap History (20 events):
Event: 1.421 GC heap after
{Heap after GC invocations=2 (full 0):
 garbage-first heap   total reserved 4157440K, committed 262144K, used 18026K [0x0000000702400000, 0x0000000800000000)
  region size 2048K, 6 young (12288K), 6 survivors (12288K)
 Metaspace       used 21244K, committed 21504K, reserved 1114112K
  class space    used 1937K, committed 2048K, reserved 1048576K
}
Event: 1.988 GC heap before
{Heap before GC invocations=3 (full 0):
 garbage-first heap   total reserved 4157440K, committed 69632K, used 46698K [0x0000000702400000, 0x0000000800000000)
  region size 2048K, 20 young (40960K), 6 survivors (12288K)
 Metaspace       used 24709K, committed 25024K, reserved 1114112K
  class space    used 2279K, committed 2432K, reserved 1048576K
}
Event: 1.994 GC heap after
{Heap after GC invocations=4 (full 0):
 garbage-first heap   total reserved 4157440K, committed 69632K, used 19718K [0x0000000702400000, 0x0000000800000000)
  region size 2048K, 2 young (4096K), 2 survivors (4096K)
 Metaspace       used 24709K, committed 25024K, reserved 1114112K
  class space    used 2279K, committed 2432K, reserved 1048576K
}
Event: 2.485 GC heap before
{Heap before GC invocations=4 (full 0):
 garbage-first heap   total reserved 4157440K, committed 69632K, used 48390K [0x0000000702400000, 0x0000000800000000)
  region size 2048K, 16 young (32768K), 2 survivors (4096K)
 Metaspace       used 29565K, committed 29952K, reserved 1114112K
  class space    used 2848K, committed 3008K, reserved 1048576K
}
Event: 2.492 GC heap after
{Heap after GC invocations=5 (full 0):
 garbage-first heap   total reserved 4157440K, committed 69632K, used 21944K [0x0000000702400000, 0x0000000800000000)
  region size 2048K, 2 young (4096K), 2 survivors (4096K)
 Metaspace       used 29565K, committed 29952K, reserved 1114112K
  class space    used 2848K, committed 3008K, reserved 1048576K
}
Event: 3.736 GC heap before
{Heap before GC invocations=5 (full 0):
 garbage-first heap   total reserved 4157440K, committed 69632K, used 46520K [0x0000000702400000, 0x0000000800000000)
  region size 2048K, 15 young (30720K), 2 survivors (4096K)
 Metaspace       used 35550K, committed 35968K, reserved 1114112K
  class space    used 3471K, committed 3648K, reserved 1048576K
}
Event: 3.738 GC heap after
{Heap after GC invocations=6 (full 0):
 garbage-first heap   total reserved 4157440K, committed 69632K, used 24540K [0x0000000702400000, 0x0000000800000000)
  region size 2048K, 2 young (4096K), 2 survivors (4096K)
 Metaspace       used 35550K, committed 35968K, reserved 1114112K
  class space    used 3471K, committed 3648K, reserved 1048576K
}
Event: 4.231 GC heap before
{Heap before GC invocations=7 (full 0):
 garbage-first heap   total reserved 4157440K, committed 69632K, used 51164K [0x0000000702400000, 0x0000000800000000)
  region size 2048K, 16 young (32768K), 2 survivors (4096K)
 Metaspace       used 42158K, committed 42560K, reserved 1114112K
  class space    used 4154K, committed 4352K, reserved 1048576K
}
Event: 4.233 GC heap after
{Heap after GC invocations=8 (full 0):
 garbage-first heap   total reserved 4157440K, committed 69632K, used 26551K [0x0000000702400000, 0x0000000800000000)
  region size 2048K, 1 young (2048K), 1 survivors (2048K)
 Metaspace       used 42158K, committed 42560K, reserved 1114112K
  class space    used 4154K, committed 4352K, reserved 1048576K
}
Event: 4.880 GC heap before
{Heap before GC invocations=8 (full 0):
 garbage-first heap   total reserved 4157440K, committed 69632K, used 55223K [0x0000000702400000, 0x0000000800000000)
  region size 2048K, 16 young (32768K), 1 survivors (2048K)
 Metaspace       used 52057K, committed 52544K, reserved 1114112K
  class space    used 5126K, committed 5312K, reserved 1048576K
}
Event: 4.883 GC heap after
{Heap after GC invocations=9 (full 0):
 garbage-first heap   total reserved 4157440K, committed 69632K, used 27644K [0x0000000702400000, 0x0000000800000000)
  region size 2048K, 2 young (4096K), 2 survivors (4096K)
 Metaspace       used 52057K, committed 52544K, reserved 1114112K
  class space    used 5126K, committed 5312K, reserved 1048576K
}
Event: 5.396 GC heap before
{Heap before GC invocations=9 (full 0):
 garbage-first heap   total reserved 4157440K, committed 69632K, used 58364K [0x0000000702400000, 0x0000000800000000)
  region size 2048K, 17 young (34816K), 2 survivors (4096K)
 Metaspace       used 59753K, committed 60288K, reserved 1114112K
  class space    used 6075K, committed 6272K, reserved 1048576K
}
Event: 5.399 GC heap after
{Heap after GC invocations=10 (full 0):
 garbage-first heap   total reserved 4157440K, committed 69632K, used 29353K [0x0000000702400000, 0x0000000800000000)
  region size 2048K, 2 young (4096K), 2 survivors (4096K)
 Metaspace       used 59753K, committed 60288K, reserved 1114112K
  class space    used 6075K, committed 6272K, reserved 1048576K
}
Event: 5.426 GC heap before
{Heap before GC invocations=10 (full 0):
 garbage-first heap   total reserved 4157440K, committed 69632K, used 29353K [0x0000000702400000, 0x0000000800000000)
  region size 2048K, 3 young (6144K), 2 survivors (4096K)
 Metaspace       used 59925K, committed 60416K, reserved 1114112K
  class space    used 6096K, committed 6272K, reserved 1048576K
}
Event: 5.428 GC heap after
{Heap after GC invocations=11 (full 0):
 garbage-first heap   total reserved 4157440K, committed 69632K, used 29701K [0x0000000702400000, 0x0000000800000000)
  region size 2048K, 1 young (2048K), 1 survivors (2048K)
 Metaspace       used 59925K, committed 60416K, reserved 1114112K
  class space    used 6096K, committed 6272K, reserved 1048576K
}
Event: 6.011 GC heap before
{Heap before GC invocations=12 (full 0):
 garbage-first heap   total reserved 4157440K, committed 69632K, used 60421K [0x0000000702400000, 0x0000000800000000)
  region size 2048K, 16 young (32768K), 1 survivors (2048K)
 Metaspace       used 63939K, committed 64448K, reserved 1114112K
  class space    used 6597K, committed 6784K, reserved 1048576K
}
Event: 6.013 GC heap after
{Heap after GC invocations=13 (full 0):
 garbage-first heap   total reserved 4157440K, committed 69632K, used 32618K [0x0000000702400000, 0x0000000800000000)
  region size 2048K, 2 young (4096K), 2 survivors (4096K)
 Metaspace       used 63939K, committed 64448K, reserved 1114112K
  class space    used 6597K, committed 6784K, reserved 1048576K
}
Event: 6.240 GC heap before
{Heap before GC invocations=13 (full 0):
 garbage-first heap   total reserved 4157440K, committed 69632K, used 59242K [0x0000000702400000, 0x0000000800000000)
  region size 2048K, 15 young (30720K), 2 survivors (4096K)
 Metaspace       used 64529K, committed 65024K, reserved 1114112K
  class space    used 6650K, committed 6848K, reserved 1048576K
}
Event: 6.243 GC heap after
{Heap after GC invocations=14 (full 0):
 garbage-first heap   total reserved 4157440K, committed 69632K, used 33219K [0x0000000702400000, 0x0000000800000000)
  region size 2048K, 1 young (2048K), 1 survivors (2048K)
 Metaspace       used 64529K, committed 65024K, reserved 1114112K
  class space    used 6650K, committed 6848K, reserved 1048576K
}
Event: 32.313 GC heap before
{Heap before GC invocations=14 (full 0):
 garbage-first heap   total reserved 4157440K, committed 69632K, used 59843K [0x0000000702400000, 0x0000000800000000)
  region size 2048K, 14 young (28672K), 1 survivors (2048K)
 Metaspace       used 69700K, committed 70272K, reserved 1114112K
  class space    used 7191K, committed 7424K, reserved 1048576K
}

Dll operation events (12 events):
Event: 0.007 Loaded shared library E:\Program Files\Java\jdk-24\bin\java.dll
Event: 0.036 Loaded shared library E:\Program Files\Java\jdk-24\bin\jsvml.dll
Event: 0.054 Loaded shared library E:\Program Files\Java\jdk-24\bin\jvmcicompiler.dll
Event: 0.125 Loaded shared library E:\Program Files\Java\jdk-24\bin\net.dll
Event: 0.127 Loaded shared library E:\Program Files\Java\jdk-24\bin\nio.dll
Event: 0.129 Loaded shared library E:\Program Files\Java\jdk-24\bin\zip.dll
Event: 0.227 Loaded shared library E:\Program Files\Java\jdk-24\bin\jimage.dll
Event: 1.166 Loaded shared library E:\Program Files\Java\jdk-24\bin\sunmscapi.dll
Event: 2.590 Loaded shared library E:\Program Files\Java\jdk-24\bin\management.dll
Event: 2.592 Loaded shared library E:\Program Files\Java\jdk-24\bin\management_ext.dll
Event: 2.875 Loaded shared library E:\Program Files\Java\jdk-24\bin\extnet.dll
Event: 4.058 Loaded shared library E:\Program Files\Java\jdk-24\bin\verify.dll

Deoptimization events (20 events):
Event: 26.581 Thread 0x00000143568f9710 DEOPT PACKING pc=0x0000014307c8109a sp=0x00000001fd9fc7a0
Event: 26.581 Thread 0x00000143568f9710 DEOPT UNPACKING pc=0x00000143074654a3 sp=0x00000001fd9fbc48 mode 3
Event: 26.582 Thread 0x00000143568f9710 DEOPT PACKING pc=0x0000014300c4a3b0 sp=0x00000001fd9fdf20
Event: 26.582 Thread 0x00000143568f9710 DEOPT UNPACKING pc=0x00000143074654a3 sp=0x00000001fd9fd3b0 mode 0
Event: 29.472 Thread 0x00000143568f7280 Uncommon trap: trap_request=0xffffffed fr.pc=0x0000014307c5d26b relative=0x0000000000000e0b
Event: 29.472 Thread 0x00000143568f7280 Uncommon trap: reason=null_assert_or_unreached0 action=reinterpret pc=0x0000014307c5d26b method=jdk.internal.classfile.impl.SplitConstantPool.tryFindUtf8(ILjava/lang/String;)Ljdk/internal/classfile/impl/AbstractPoolEntry$Utf8EntryImpl; @ 10 jvmci
Event: 29.472 Thread 0x00000143568f7280 DEOPT PACKING pc=0x0000014307c5d26b sp=0x00000001fdafafe0
Event: 29.472 Thread 0x00000143568f7280 DEOPT UNPACKING pc=0x00000143074654a3 sp=0x00000001fdafa450 mode 3
Event: 29.504 Thread 0x00000143568f7280 Uncommon trap: trap_request=0xffffffed fr.pc=0x0000014307c2036f relative=0x00000000000007af
Event: 29.504 Thread 0x00000143568f7280 Uncommon trap: reason=null_assert_or_unreached0 action=reinterpret pc=0x0000014307c2036f method=java.lang.StringBuilder.append(Ljava/lang/String;)Ljava/lang/StringBuilder; @ 0 jvmci
Event: 29.504 Thread 0x00000143568f7280 DEOPT PACKING pc=0x0000014307c2036f sp=0x00000001fdafb7f0
Event: 29.504 Thread 0x00000143568f7280 DEOPT UNPACKING pc=0x00000143074654a3 sp=0x00000001fdafaca8 mode 3
Event: 29.504 Thread 0x00000143568f7280 Uncommon trap: trap_request=0xffffffed fr.pc=0x0000014307c243ef relative=0x00000000000007af
Event: 29.504 Thread 0x00000143568f7280 Uncommon trap: reason=null_assert_or_unreached0 action=reinterpret pc=0x0000014307c243ef method=java.lang.AbstractStringBuilder.append(Ljava/lang/String;)Ljava/lang/AbstractStringBuilder; @ 0 jvmci
Event: 29.504 Thread 0x00000143568f7280 DEOPT PACKING pc=0x0000014307c243ef sp=0x00000001fdafb780
Event: 29.504 Thread 0x00000143568f7280 DEOPT UNPACKING pc=0x00000143074654a3 sp=0x00000001fdafac30 mode 3
Event: 29.511 Thread 0x00000143568f7280 Uncommon trap: trap_request=0xffffffed fr.pc=0x0000014307cab22c relative=0x00000000000008ec
Event: 29.511 Thread 0x00000143568f7280 Uncommon trap: reason=null_assert_or_unreached0 action=reinterpret pc=0x0000014307cab22c method=java.lang.String.<init>(Ljava/lang/AbstractStringBuilder;Ljava/lang/Void;)V @ 13 jvmci
Event: 29.511 Thread 0x00000143568f7280 DEOPT PACKING pc=0x0000014307cab22c sp=0x00000001fdafbb00
Event: 29.511 Thread 0x00000143568f7280 DEOPT UNPACKING pc=0x00000143074654a3 sp=0x00000001fdafaf78 mode 3

Classes loaded (20 events):
Event: 26.571 Loading class sun/security/provider/SecureRandom$SeederHolder
Event: 26.571 Loading class sun/security/provider/SecureRandom$SeederHolder done
Event: 29.363 Loading class java/util/ArrayList$SubList$2
Event: 29.363 Loading class java/util/ArrayList$SubList$2 done
Event: 29.369 Loading class java/util/Collections$UnmodifiableSortedMap
Event: 29.369 Loading class java/util/Collections$UnmodifiableSortedMap done
Event: 29.506 Loading class java/util/concurrent/ConcurrentLinkedQueue$Itr
Event: 29.506 Loading class java/util/concurrent/ConcurrentLinkedQueue$Itr done
Event: 32.260 Loading class java/time/format/DateTimeFormatterBuilder$ZoneTextPrinterParser
Event: 32.260 Loading class java/time/format/DateTimeFormatterBuilder$ZoneTextPrinterParser done
Event: 32.260 Loading class java/time/format/DateTimeFormatterBuilder$ReducedPrinterParser
Event: 32.260 Loading class java/time/format/DateTimeFormatterBuilder$ReducedPrinterParser done
Event: 32.263 Loading class java/io/PushbackInputStream
Event: 32.263 Loading class java/io/PushbackInputStream done
Event: 32.263 Loading class java/util/OptionalInt
Event: 32.264 Loading class java/util/OptionalInt done
Event: 32.264 Loading class java/util/OptionalLong
Event: 32.264 Loading class java/util/OptionalLong done
Event: 32.264 Loading class java/util/OptionalDouble
Event: 32.264 Loading class java/util/OptionalDouble done

Classes unloaded (0 events):
No events

Classes redefined (0 events):
No events

Internal exceptions (20 events):
Event: 5.473 Thread 0x000001436e63c590 Exception <a 'java/lang/NoSuchMethodError'{0x00000007fffd0fe0}: 'java.lang.Object java.lang.invoke.DirectMethodHandle$Holder.newInvokeSpecial(java.lang.Object, java.lang.Object, java.lang.Object, java.lang.Object, java.lang.Object, java.lang.Object, java.lang.Object, java.lang.Object)'> (0x00000007fffd0fe0) 
thrown [s\open\src\hotspot\share\interpreter\linkResolver.cpp, line 805]
Event: 5.508 Thread 0x000001436e63c590 Exception <a 'java/io/IOException'{0x000000070f211718}> (0x000000070f211718) 
thrown [s\open\src\hotspot\share\prims\jni.cpp, line 518]
Event: 5.665 Thread 0x000001436e63c590 Exception <a 'java/lang/IncompatibleClassChangeError'{0x000000070e4131d8}: Found class java.lang.Object, but interface was expected> (0x000000070e4131d8) 
thrown [s\open\src\hotspot\share\interpreter\linkResolver.cpp, line 872]
Event: 5.920 Thread 0x000001436e63c590 Exception <a 'java/lang/NoSuchMethodError'{0x0000000704d0f468}: 'int java.lang.invoke.DirectMethodHandle$Holder.invokeStaticInit(java.lang.Object, java.lang.Object, java.lang.Object, java.lang.Object)'> (0x0000000704d0f468) 
thrown [s\open\src\hotspot\share\interpreter\linkResolver.cpp, line 805]
Event: 5.959 Thread 0x000001436e63c590 Exception <a 'java/lang/IncompatibleClassChangeError'{0x0000000704a9bde0}: Found class java.lang.Object, but interface was expected> (0x0000000704a9bde0) 
thrown [s\open\src\hotspot\share\interpreter\linkResolver.cpp, line 872]
Event: 5.995 Thread 0x000001436e63c590 Implicit null exception at 0x0000014307d3b894 to 0x0000014307d3b9ce
Event: 6.146 Thread 0x000001436e63c590 Implicit null exception at 0x0000014307eeb12f to 0x0000014307eeb364
Event: 6.312 Thread 0x000001436e63c590 Implicit null exception at 0x0000014307cf3c20 to 0x0000014307cf4466
Event: 6.322 Thread 0x000001436e63c590 Exception <a 'java/lang/NoSuchMethodError'{0x000000070f3ed1d0}: 'java.lang.Object java.lang.invoke.DirectMethodHandle$Holder.newInvokeSpecial(java.lang.Object, java.lang.Object, int, java.lang.Object, java.lang.Object)'> (0x000000070f3ed1d0) 
thrown [s\open\src\hotspot\share\interpreter\linkResolver.cpp, line 805]
Event: 26.481 Thread 0x00000143568fad00 Exception <a 'java/lang/NoSuchMethodError'{0x000000070e940820}: 'java.lang.Object java.lang.invoke.DirectMethodHandle$Holder.invokeStatic(java.lang.Object, java.lang.Object, java.lang.Object, int, int)'> (0x000000070e940820) 
thrown [s\open\src\hotspot\share\interpreter\linkResolver.cpp, line 805]
Event: 26.482 Thread 0x00000143568fad00 Exception <a 'java/lang/NoSuchMethodError'{0x000000070e948730}: 'java.lang.Object java.lang.invoke.DirectMethodHandle$Holder.invokeStaticInit(java.lang.Object, java.lang.Object, java.lang.Object, int, int)'> (0x000000070e948730) 
thrown [s\open\src\hotspot\share\interpreter\linkResolver.cpp, line 805]
Event: 26.506 Thread 0x00000143568f9710 Exception <a 'java/lang/NoSuchMethodError'{0x000000070eabc278}: 'java.lang.Object java.lang.invoke.DirectMethodHandle$Holder.invokeSpecial(java.lang.Object, java.lang.Object, java.lang.Object, java.lang.Object, java.lang.Object, long)'> (0x000000070eabc278) 
thrown [s\open\src\hotspot\share\interpreter\linkResolver.cpp, line 805]
Event: 26.506 Thread 0x00000143568f9710 Exception <a 'java/lang/NoSuchMethodError'{0x000000070eac4af8}: 'java.lang.Object java.lang.invoke.DirectMethodHandle$Holder.invokeSpecial(java.lang.Object, java.lang.Object, java.lang.Object, java.lang.Object, java.lang.Object, java.lang.Object, long)'> (0x000000070eac4af8) 
thrown [s\open\src\hotspot\share\interpreter\linkResolver.cpp, line 805]
Event: 26.506 Thread 0x00000143568f9710 Exception <a 'java/lang/NoSuchMethodError'{0x000000070e661080}: 'java.lang.Object java.lang.invoke.DelegatingMethodHandle$Holder.reinvoke_L(java.lang.Object, java.lang.Object, java.lang.Object, java.lang.Object, java.lang.Object, long)'> (0x000000070e661080) 
thrown [s\open\src\hotspot\share\interpreter\linkResolver.cpp, line 805]
Event: 26.507 Thread 0x00000143568f9710 Exception <a 'java/lang/NoSuchMethodError'{0x000000070e671350}: 'java.lang.Object java.lang.invoke.Invokers$Holder.linkToTargetMethod(java.lang.Object, java.lang.Object, java.lang.Object, long, java.lang.Object)'> (0x000000070e671350) 
thrown [s\open\src\hotspot\share\interpreter\linkResolver.cpp, line 805]
Event: 29.362 Thread 0x00000143568f7280 Exception <a 'java/lang/NoSuchMethodError'{0x000000070eadba20}: 'java.lang.Object java.lang.invoke.DirectMethodHandle$Holder.invokeStatic(java.lang.Object, int, int)'> (0x000000070eadba20) 
thrown [s\open\src\hotspot\share\interpreter\linkResolver.cpp, line 805]
Event: 29.376 Thread 0x00000143568f7280 Exception <a 'java/lang/NoSuchMethodError'{0x00000007056a3ad0}: 'java.lang.Object java.lang.invoke.DirectMethodHandle$Holder.invokeInterface(java.lang.Object, java.lang.Object, java.lang.Object, java.lang.Object)'> (0x00000007056a3ad0) 
thrown [s\open\src\hotspot\share\interpreter\linkResolver.cpp, line 805]
Event: 29.483 Thread 0x00000143568f7280 Exception <a 'java/lang/NoSuchMethodError'{0x00000007054d52f8}: 'void java.lang.invoke.DelegatingMethodHandle$Holder.reinvoke_L(java.lang.Object, java.lang.Object, int, java.lang.Object)'> (0x00000007054d52f8) 
thrown [s\open\src\hotspot\share\interpreter\linkResolver.cpp, line 805]
Event: 29.504 Thread 0x00000143568f7280 Implicit null exception at 0x0000014307c1fc0c to 0x0000014307c20354
Event: 29.504 Thread 0x00000143568f7280 Implicit null exception at 0x0000014307c23c8c to 0x0000014307c243d4

VM Operations (20 events):
Event: 6.013 Executing VM operation: G1CollectForAllocation (G1 Evacuation Pause) done
Event: 6.240 Executing VM operation: G1CollectForAllocation (G1 Evacuation Pause)
Event: 6.243 Executing VM operation: G1CollectForAllocation (G1 Evacuation Pause) done
Event: 6.252 Executing VM operation: HandshakeAllThreads (Deoptimize)
Event: 6.252 Executing VM operation: HandshakeAllThreads (Deoptimize) done
Event: 6.266 Executing VM operation: HandshakeAllThreads (Deoptimize)
Event: 6.266 Executing VM operation: HandshakeAllThreads (Deoptimize) done
Event: 6.272 Executing VM operation: HandshakeAllThreads (Deoptimize)
Event: 6.272 Executing VM operation: HandshakeAllThreads (Deoptimize) done
Event: 26.514 Executing VM operation: HandshakeAllThreads (Deoptimize)
Event: 26.514 Executing VM operation: HandshakeAllThreads (Deoptimize) done
Event: 26.519 Executing VM operation: HandshakeAllThreads (Deoptimize)
Event: 26.520 Executing VM operation: HandshakeAllThreads (Deoptimize) done
Event: 26.571 Executing VM operation: HandshakeAllThreads (Deoptimize)
Event: 26.571 Executing VM operation: HandshakeAllThreads (Deoptimize) done
Event: 29.370 Executing VM operation: HandshakeAllThreads (Deoptimize)
Event: 29.370 Executing VM operation: HandshakeAllThreads (Deoptimize) done
Event: 32.261 Executing VM operation: HandshakeAllThreads (Deoptimize)
Event: 32.261 Executing VM operation: HandshakeAllThreads (Deoptimize) done
Event: 32.313 Executing VM operation: G1CollectForAllocation (G1 Evacuation Pause)

Memory protections (0 events):
No events

Nmethod flushes (20 events):
Event: 5.444 Thread 0x000001437ee66500 flushing  nmethod 0x0000014300857288
Event: 5.444 Thread 0x000001437ee66500 flushing  nmethod 0x000001430085b008
Event: 5.444 Thread 0x000001437ee66500 flushing  nmethod 0x00000143008d5488
Event: 5.444 Thread 0x000001437ee66500 flushing  nmethod 0x00000143008d9288
Event: 5.444 Thread 0x000001437ee66500 flushing  nmethod 0x00000143008d9688
Event: 5.444 Thread 0x000001437ee66500 flushing  nmethod 0x00000143008da088
Event: 5.444 Thread 0x000001437ee66500 flushing  nmethod 0x0000014300935b08
Event: 5.444 Thread 0x000001437ee66500 flushing  nmethod 0x000001430093a088
Event: 5.444 Thread 0x000001437ee66500 flushing  nmethod 0x00000143009c0808
Event: 5.444 Thread 0x000001437ee66500 flushing  nmethod 0x00000143009c6e88
Event: 5.444 Thread 0x000001437ee66500 flushing  nmethod 0x00000143009c9a88
Event: 5.444 Thread 0x000001437ee66500 flushing  nmethod 0x00000143009caf08
Event: 5.444 Thread 0x000001437ee66500 flushing  nmethod 0x00000143009cb208
Event: 5.444 Thread 0x000001437ee66500 flushing  nmethod 0x00000143009ce808
Event: 5.444 Thread 0x000001437ee66500 flushing  nmethod 0x00000143009cf188
Event: 5.444 Thread 0x000001437ee66500 flushing  nmethod 0x0000014300a44488
Event: 5.444 Thread 0x000001437ee66500 flushing  nmethod 0x0000014300a46388
Event: 5.444 Thread 0x000001437ee66500 flushing  nmethod 0x0000014300a95908
Event: 5.444 Thread 0x000001437ee66500 flushing  nmethod 0x0000014300cc4908
Event: 5.444 Thread 0x000001437ee66500 flushing  nmethod 0x0000014300e06c88

Events (20 events):
Event: 6.330 Thread 0x000001436e63c590 Thread added: 0x00000143568f79d0
Event: 6.330 Thread 0x000001436e63c590 Thread added: 0x00000143568f8870
Event: 6.338 Thread 0x000001436e63c590 Thread added: 0x00000143568f8fc0
Event: 6.339 Thread 0x000001436e63c590 Thread added: 0x00000143568fad00
Event: 7.352 Thread 0x00000143561b3db0 Thread exited: 0x00000143561b3db0
Event: 7.352 Thread 0x0000014357b97f00 Thread exited: 0x0000014357b97f00
Event: 7.352 Thread 0x0000014357b98690 Thread exited: 0x0000014357b98690
Event: 7.352 Thread 0x000001437ee58e60 Thread exited: 0x000001437ee58e60
Event: 9.291 Thread 0x0000014357bbad60 Thread exited: 0x0000014357bbad60
Event: 12.356 Thread 0x0000014356d87610 Thread exited: 0x0000014356d87610
Event: 12.357 Thread 0x00000143582b1b50 Thread exited: 0x00000143582b1b50
Event: 26.568 Thread 0x000001437ee8d020 Thread added: 0x0000014358b5a770
Event: 26.572 Thread 0x0000014358b5a770 Thread added: 0x0000014358da8970
Event: 26.572 Thread 0x0000014358b5a770 Thread added: 0x00000143582b1b50
Event: 29.360 Thread 0x00000143582b1b50 Thread exited: 0x00000143582b1b50
Event: 29.360 Thread 0x0000014358da8970 Thread exited: 0x0000014358da8970
Event: 29.493 Thread 0x000001437ee8d020 Thread added: 0x0000014358da8970
Event: 31.341 Thread 0x0000014358da8970 Thread exited: 0x0000014358da8970
Event: 31.341 Thread 0x0000014358b5a770 Thread exited: 0x0000014358b5a770
Event: 32.306 Thread 0x000001437ee8d020 Thread added: 0x0000014358b5a770


Dynamic libraries:
0x00007ff6cc980000 - 0x00007ff6cc990000 	E:\Program Files\Java\jdk-24\bin\java.exe
0x00007ffc4a1f0000 - 0x00007ffc4a3e8000 	C:\Windows\SYSTEM32\ntdll.dll
0x00007ffc48d00000 - 0x00007ffc48dc2000 	C:\Windows\System32\KERNEL32.DLL
0x00007ffc47c60000 - 0x00007ffc47f56000 	C:\Windows\System32\KERNELBASE.dll
0x00007ffc47f60000 - 0x00007ffc48060000 	C:\Windows\System32\ucrtbase.dll
0x00007ffc22a10000 - 0x00007ffc22a2b000 	E:\Program Files\Java\jdk-24\bin\VCRUNTIME140.dll
0x00007ffc23ec0000 - 0x00007ffc23ed6000 	E:\Program Files\Java\jdk-24\bin\jli.dll
0x00007ffc48560000 - 0x00007ffc486fd000 	C:\Windows\System32\USER32.dll
0x00007ffc394a0000 - 0x00007ffc3973a000 	C:\Windows\WinSxS\amd64_microsoft.windows.common-controls_6595b64144ccf1df_6.0.19041.5915_none_60b4b9d171f9c7c7\COMCTL32.dll
0x00007ffc47940000 - 0x00007ffc47962000 	C:\Windows\System32\win32u.dll
0x00007ffc48700000 - 0x00007ffc4872b000 	C:\Windows\System32\GDI32.dll
0x00007ffc49a80000 - 0x00007ffc49b1e000 	C:\Windows\System32\msvcrt.dll
0x00007ffc479f0000 - 0x00007ffc47b09000 	C:\Windows\System32\gdi32full.dll
0x00007ffc47bc0000 - 0x00007ffc47c5d000 	C:\Windows\System32\msvcp_win.dll
0x00007ffc48800000 - 0x00007ffc4882f000 	C:\Windows\System32\IMM32.DLL
0x00007ffc2e620000 - 0x00007ffc2e62c000 	E:\Program Files\Java\jdk-24\bin\vcruntime140_1.dll
0x00007ffc0b650000 - 0x00007ffc0b6de000 	E:\Program Files\Java\jdk-24\bin\msvcp140.dll
0x00007ffba97c0000 - 0x00007ffbaa562000 	E:\Program Files\Java\jdk-24\bin\server\jvm.dll
0x00007ffc498b0000 - 0x00007ffc49961000 	C:\Windows\System32\ADVAPI32.dll
0x00007ffc49980000 - 0x00007ffc49a1f000 	C:\Windows\System32\sechost.dll
0x00007ffc4a080000 - 0x00007ffc4a1a3000 	C:\Windows\System32\RPCRT4.dll
0x00007ffc47910000 - 0x00007ffc47937000 	C:\Windows\System32\bcrypt.dll
0x00007ffc48be0000 - 0x00007ffc48c4b000 	C:\Windows\System32\WS2_32.dll
0x00007ffc46e10000 - 0x00007ffc46e5b000 	C:\Windows\SYSTEM32\POWRPROF.dll
0x00007ffc3cde0000 - 0x00007ffc3ce07000 	C:\Windows\SYSTEM32\WINMM.dll
0x00007ffc40cf0000 - 0x00007ffc40cfa000 	C:\Windows\SYSTEM32\VERSION.dll
0x00007ffc46c80000 - 0x00007ffc46c92000 	C:\Windows\SYSTEM32\UMPDC.dll
0x00007ffc460d0000 - 0x00007ffc460e2000 	C:\Windows\SYSTEM32\kernel.appcore.dll
0x00007ffc240f0000 - 0x00007ffc240fa000 	E:\Program Files\Java\jdk-24\bin\jimage.dll
0x00007ffc45be0000 - 0x00007ffc45de1000 	C:\Windows\SYSTEM32\DBGHELP.DLL
0x00007ffc2d370000 - 0x00007ffc2d3a4000 	C:\Windows\SYSTEM32\dbgcore.DLL
0x00007ffc47880000 - 0x00007ffc47902000 	C:\Windows\System32\bcryptPrimitives.dll
0x00007ffc1fb40000 - 0x00007ffc1fb5e000 	E:\Program Files\Java\jdk-24\bin\java.dll
0x00007ffc48410000 - 0x00007ffc4853b000 	C:\Windows\System32\ole32.dll
0x00007ffc49540000 - 0x00007ffc49893000 	C:\Windows\System32\combase.dll
0x00007ffc48dd0000 - 0x00007ffc4953e000 	C:\Windows\System32\SHELL32.dll
0x00007ffc44ac0000 - 0x00007ffc45264000 	C:\Windows\SYSTEM32\windows.storage.dll
0x00007ffc472b0000 - 0x00007ffc472db000 	C:\Windows\SYSTEM32\Wldp.dll
0x00007ffc48730000 - 0x00007ffc487fd000 	C:\Windows\System32\OLEAUT32.dll
0x00007ffc48c50000 - 0x00007ffc48cfd000 	C:\Windows\System32\SHCORE.dll
0x00007ffc48b80000 - 0x00007ffc48bdb000 	C:\Windows\System32\shlwapi.dll
0x00007ffc477b0000 - 0x00007ffc477d5000 	C:\Windows\SYSTEM32\profapi.dll
0x00007ffc08e40000 - 0x00007ffc08f17000 	E:\Program Files\Java\jdk-24\bin\jsvml.dll
0x00007ffb86110000 - 0x00007ffb88b00000 	E:\Program Files\Java\jdk-24\bin\jvmcicompiler.dll
0x00007ffc4a070000 - 0x00007ffc4a078000 	C:\Windows\System32\PSAPI.DLL
0x00007ffc48060000 - 0x00007ffc481bd000 	C:\Windows\System32\CRYPT32.dll
0x00007ffc47730000 - 0x00007ffc4775e000 	C:\Windows\SYSTEM32\USERENV.dll
0x00007ffc47320000 - 0x00007ffc47347000 	C:\Windows\SYSTEM32\ncrypt.dll
0x00007ffc46ca0000 - 0x00007ffc46cdb000 	C:\Windows\SYSTEM32\IPHLPAPI.DLL
0x00007ffc47010000 - 0x00007ffc4707a000 	C:\Windows\SYSTEM32\MSWSOCK.dll
0x00007ffc472e0000 - 0x00007ffc4731b000 	C:\Windows\SYSTEM32\NTASN1.dll
0x00007ffc0ff00000 - 0x00007ffc1000d000 	C:\Windows\SysWOW64\ierd_tgp_lsp64.dll
0x00007ffc23f30000 - 0x00007ffc23f40000 	E:\Program Files\Java\jdk-24\bin\net.dll
0x00007ffc1d7e0000 - 0x00007ffc1d7f6000 	E:\Program Files\Java\jdk-24\bin\nio.dll
0x00007ffc1f390000 - 0x00007ffc1f3a7000 	E:\Program Files\Java\jdk-24\bin\zip.dll
0x00007ffc1cf10000 - 0x00007ffc1cf1e000 	E:\Program Files\Java\jdk-24\bin\sunmscapi.dll
0x00007ffc47210000 - 0x00007ffc47228000 	C:\Windows\SYSTEM32\CRYPTSP.dll
0x00007ffc468c0000 - 0x00007ffc468f8000 	C:\Windows\system32\rsaenh.dll
0x00007ffc47200000 - 0x00007ffc4720c000 	C:\Windows\SYSTEM32\CRYPTBASE.dll
0x00007ffc498a0000 - 0x00007ffc498a8000 	C:\Windows\System32\NSI.dll
0x00007ffc1d4a0000 - 0x00007ffc1d4aa000 	E:\Program Files\Java\jdk-24\bin\management.dll
0x00007ffc1d310000 - 0x00007ffc1d31b000 	E:\Program Files\Java\jdk-24\bin\management_ext.dll
0x00007ffc1cf20000 - 0x00007ffc1cf29000 	E:\Program Files\Java\jdk-24\bin\extnet.dll
0x00007ffc1d770000 - 0x00007ffc1d780000 	E:\Program Files\Java\jdk-24\bin\verify.dll
0x00007ffc1f380000 - 0x00007ffc1f387000 	C:\Windows\system32\wshunix.dll

dbghelp: loaded successfully - version: 4.0.5 - missing functions: none
symbol engine: initialized successfully - sym options: 0x614 - pdb path: .;E:\Program Files\Java\jdk-24\bin;C:\Windows\SYSTEM32;C:\Windows\WinSxS\amd64_microsoft.windows.common-controls_6595b64144ccf1df_6.0.19041.5915_none_60b4b9d171f9c7c7;E:\Program Files\Java\jdk-24\bin\server;C:\Windows\SysWOW64

VM Arguments:
jvm_args: -XX:ThreadPriorityPolicy=1 -XX:+UnlockExperimentalVMOptions -XX:+EnableJVMCIProduct -XX:-UnlockExperimentalVMOptions -Dfile.encoding=GBK -Duser.country=CN -Duser.language=zh -Duser.variant 
java_command: top.toobee.spring.Main
java_class_path (initial): F:\Learn\toobee-web-spring-main\build\classes\java\main;F:\Learn\toobee-web-spring-main\build\resources\main;C:\Users\Anom\.gradle\caches\modules-2\files-2.1\org.springframework.boot\spring-boot-starter-websocket\3.5.0\668c46001c63bd49de83bc49bfcc65873af5b059\spring-boot-starter-websocket-3.5.0.jar;C:\Users\Anom\.gradle\caches\modules-2\files-2.1\org.springframework.boot\spring-boot-starter-oauth2-authorization-server\3.5.0\6aff675818a5820330abb26b191d39161ad49c75\spring-boot-starter-oauth2-authorization-server-3.5.0.jar;C:\Users\Anom\.gradle\caches\modules-2\files-2.1\org.springframework.boot\spring-boot-starter-web\3.5.0\29c6198f7e5cd7c4b9a27045d93879e161d6cdd0\spring-boot-starter-web-3.5.0.jar;C:\Users\Anom\.gradle\caches\modules-2\files-2.1\org.springframework.boot\spring-boot-starter-security\3.5.0\f33d61f93d8a0ded9a1142996d2663105a237e76\spring-boot-starter-security-3.5.0.jar;C:\Users\Anom\.gradle\caches\modules-2\files-2.1\org.springframework.boot\spring-boot-starter-data-jpa\3.5.0\1f1b632678d5516b5866a82b282541b18f6bf84c\spring-boot-starter-data-jpa-3.5.0.jar;C:\Users\Anom\.gradle\caches\modules-2\files-2.1\org.mybatis.spring.boot\mybatis-spring-boot-starter\3.0.3\19528356bf8bad2be5f8bf796dfc30bcc4996054\mybatis-spring-boot-starter-3.0.3.jar;C:\Users\Anom\.gradle\caches\modules-2\files-2.1\org.springframework.boot\spring-boot-starter-jdbc\3.5.0\5e0188ba4c52ec7ba36b1618ff7f9738bffa1eb\spring-boot-starter-jdbc-3.5.0.jar;C:\Users\Anom\.gradle\caches\modules-2\files-2.1\org.springframework.boot\spring-boot-starter-oauth2-client\3.5.0\2f898ddeec3d812769f5d329530eb0e9175886be\spring-boot-starter-oauth2-client-3.5.0.jar;C:\Users\Anom\.gradle\caches\modules-2\files-2.1\it.unimi.dsi\fastutil\8.5.15\1e885b40c9563ab0d3899b871fd0b30e958705dc\fastutil-8.5.15.jar;C:\Users\Anom\.gradle\caches\modules-2\files-2.1\org.postgresql\postgresql\42.7.5\747897987b86c741fb8b56f6b81929ae1e6e4b46\postgresql-42.7.5.jar;C:\Users\Anom\.gradle\caches\modules-2\files-2.1\org.springframework.boot\spring-boot-starter-json\3.5.0\af98a526ea3f68c179a6c6199bb1dbe864f43b93\spring-boot-starter-json-3.5.0.jar;C:\Users\Anom\.gradle\caches\modules-2\files-2.1\org.springframework.boot\spring-boot-starter\3.5.0\f8b02201e89d294514420a586624aa7338d61f4f\spring-boot-starter-3.5.0.jar;C:\Users\Anom\.gradle\caches\modules-2\files-2.1\org.springframework.boot\spring-boot-starter-tomcat\3.5.0\2e22a33e6f9444a7248581a23541fea5c1f6c216\spring-boot-starter-tomcat-3.5.0.jar;C:\Users\Anom\.gradle\caches\modules-2\files-2.1\org.springframework\spring-webmvc\6.2.7\a1954b3a51f585c6b8582831661fec981d2571e\spring-webmvc-6.2.7.jar;C:\Users\Anom\.gradle\caches\modules-2\files-2.1\org.springframework.security\spring-security-oauth2-client\6.5.0\d78ccbd896bcd5a5b61dc92af2c2cff5845d3282\spring-security-oauth2-client-6.5.0.jar;C:\Users\Anom\.gradle\caches\modules-2\files-2.1\org.springframework.security\spring-security-oauth2-authorization-server\1.5.0\7bb35a1ac006fa2ad87390964812a989c90d2eb\spring-security-oauth2-authorization-server-1.5.0.jar;C:\Users\Anom\.gradle\caches\modules-2\files-2.1\org.springframework.security\spring-security-oauth2-resource-server\6.5.0\5caf339de7e7bc1e0025deb90c66c124bf9cb1f9\spring-security-oauth2-resource-server-6.5.0.jar;C:\Users\Anom\.gradle\caches\modules-2\files-2.1\org.springframework.security\spring-security-web\6.5.0\fe36d58e9f3b8510ad8495e2dd4df9ece8e5ee7c\spring-security-web-6.5.0.jar;C:\Users\Anom\.gradle\caches\modules-2\files-2.1\org.springframework\spring-websocket\6.2.7\3e95a06275b2c5f7c84c3503060217628a4be88e\spring-websocket-6.2.7.jar;C:\Users\Anom\.gradle\caches\modules-2\files-2.1\org.springframework.security\spring-security-oauth2-jose\6.5.0\92a74f7813f67794e11d5938d97c713aaa5c15f9\spring-security-oauth2-jose-6.5.0.jar;C:\Users\Anom\.gradle\caches\modules-2\files-2.1\org.springframework.security\spring-security-oauth2-core\6.5.0\a0b9a20b38ab590bb8d7847c0475a491d4c84940\spring-security-oauth2-core-6.5.0.jar;C:\Users\Anom\.gradle\caches\modules-2\files-2.1\org.springframework\spring-web\6.2.7\1bd08eba2f2fd69eef49473e42fe124a20e7f844\spring-web-6.2.7.jar;C:\Users\Anom\.gradle\caches\modules-2\files-2.1\org.springframework.security\spring-security-config\6.5.0\722e3b1f1e0fa3732f98d6dc69622f6edec2fa1f\spring-security-config-6.5.0.jar;C:\Users\Anom\.gradle\caches\modules-2\files-2.1\org.springframework.security\spring-security-core\6.5.0\8aaee0c3b38897272e21dc5545451493c60dbdd0\spring-security-core-6.5.0.jar;C:\Users\Anom\.gradle\caches\modules-2\files-2.1\org.springframework.data\spring-data-jpa\3.5.0\177be0a4199ea3300ee63008bbe91c8c7e639610\spring-data-jpa-3.5.0.jar;C:\Users\Anom\.gradle\caches\modules-2\files-2.1\org.mybatis.spring.boot\mybatis-spring-boot-autoconfigure\3.0.3\b73a2effa4f60a2eeca98aa12ea3437faede0f73\mybatis-spring-boot-autoconfigure-3.0.3.jar;C:\Users\Anom\.gradle\caches\modules-2\files-2.1\org.springframework.boot\spring-boot-autoconfigure\3.5.0\a7f8ba40022dd75f20ac0eafe117437a1a7f3935\spring-boot-autoconfigure-3.5.0.jar;C:\Users\Anom\.gradle\caches\modules-2\files-2.1\org.springframework.boot\spring-boot\3.5.0\ec86afc460265a0219bfafe187acb6c596ac2de1\spring-boot-3.5.0.jar;C:\Users\Anom\.gradle\caches\modules-2\files-2.1\org.springframework\spring-context\6.2.7\e0f3850bba7ff52016429e8d2fa39b5107f1fde6\spring-context-6.2.7.jar;C:\Users\Anom\.gradle\caches\modules-2\files-2.1\org.springframework\spring-aop\6.2.7\3df3ee9217cb62e65382718351e56f1eeb76e74c\spring-aop-6.2.7.jar;C:\Users\Anom\.gradle\caches\modules-2\files-2.1\com.zaxxer\HikariCP\6.3.0\bebd113244c9d9926c6b792f28110ed6380cacc2\HikariCP-6.3.0.jar;C:\Users\Anom\.gradle\caches\modules-2\files-2.1\org.springframework\spring-orm\6.2.7\a8966e1cf3591397b2b1381742877d55367f0b21\spring-orm-6.2.7.jar;C:\Users\Anom\.gradle\caches\modules-2\files-2.1\org.springframework\spring-jdbc\6.2.7\9c2a6ac46e3af69b226401678591b6fe0350a617\spring-jdbc-6.2.7.jar;C:\Users\Anom\.gradle\caches\modules-2\files-2.1\org.springframework\spring-messaging\6.2.7\4d969084e3b1915ce04d8768d89fe9c092191500\spring-messaging-6.2.7.jar;C:\Users\Anom\.gradle\caches\modules-2\files-2.1\org.hibernate.orm\hibernate-core\6.6.15.Final\9ff5f41fc240a56d7076193094602c62a5294ea5\hibernate-core-6.6.15.Final.jar;C:\Users\Anom\.gradle\caches\modules-2\files-2.1\org.springframework\spring-aspects\6.2.7\52461ec85ce1dc6e80fdca92c85bab9faebc0509\spring-aspects-6.2.7.jar;C:\Users\Anom\.gradle\caches\modules-2\files-2.1\org.mybatis\mybatis\3.5.14\d94d2267d1caf1c31748123e671dcea5ad1a6f8\mybatis-3.5.14.jar;C:\Users\Anom\.gradle\caches\modules-2\files-2.1\org.mybatis\mybatis-spring\3.0.3\5a4ab31bfb62bca615b39ade93de2a607e9b9403\mybatis-spring-3.0.3.jar;C:\Users\Anom\.gradle\caches\modules-2\files-2.1\org.checkerframework\checker-qual\3.48.3\c48effe7d78de3cf5e8a98c614281ec6a2466a77\checker-qual-3.48.3.jar;C:\Users\Anom\.gradle\caches\modules-2\files-2.1\org.springframework.boot\spring-boot-starter-logging\3.5.0\7db0461d8895f00a9841bf5558501fe90e7eba4c\spring-boot-starter-logging-3.5.0.jar;C:\Users\Anom\.gradle\caches\modules-2\files-2.1\jakarta.annotation\jakarta.annotation-api\2.1.1\48b9bda22b091b1f48b13af03fe36db3be6e1ae3\jakarta.annotation-api-2.1.1.jar;C:\Users\Anom\.gradle\caches\modules-2\files-2.1\org.springframework\spring-tx\6.2.7\6cf5d200c297fa8cc0b4cf39c1a20b310d2c3d52\spring-tx-6.2.7.jar;C:\Users\Anom\.gradle\caches\modules-2\files-2.1\org.springframework.data\spring-data-commons\3.5.0\cae371875e7267078e1d9047db769dc598156812\spring-data-commons-3.5.0.jar;C:\Users\Anom\.gradle\caches\modules-2\files-2.1\org.springframework\spring-beans\6.2.7\64119950b73943f67196705e43acddd7bf714c45\spring-beans-6.2.7.jar;C:\Users\Anom\.gradle\caches\modules-2\files-2.1\org.springframework\spring-expression\6.2.7\fa525916c85df246fcb70c771d039523dd6f12d9\spring-expression-6.2.7.jar;C:\Users\Anom\.gradle\caches\modules-2\files-2.1\org.springframework\spring-core\6.2.7\525a228b8b4323568b7aa9e49c1e1df27838adf1\spring-core-6.2.7.jar;C:\Users\Anom\.gradle\caches\modules-2\files-2.1\org.yaml\snakeyaml\2.4\e0666b825b796f85521f02360e77f4c92c5a7a07\snakeyaml-2.4.jar;C:\Users\Anom\.gradle\caches\modules-2\files-2.1\com.fasterxml.jackson.datatype\jackson-datatype-jsr310\2.19.0\4c98a2fa8b35b5ffe102438f747f7b526619fde7\jackson-datatype-jsr310-2.19.0.jar;C:\Users\Anom\.gradle\caches\modules-2\files-2.1\com.fasterxml.jackson.module\jackson-module-parameter-names\2.19.0\4963234952362539ca73c85b6a423c851f04f1d\jackson-module-parameter-names-2.19.0.jar;C:\Users\Anom\.gradle\caches\modules-2\files-2.1\com.fasterxml.jackson.core\jackson-annotations\2.19.0\fd1e7c56de1e5b658563c8c66d5074cceb4e3a0b\jackson-annotations-2.19.0.jar;C:\Users\Anom\.gradle\caches\modules-2\files-2.1\com.fasterxml.jackson.core\jackson-core\2.19.0\a90640e59ea42632a8e331ff1d6b706cf306050a\jackson-core-2.19.0.jar;C:\Users\Anom\.gradle\caches\modules-2\files-2.1\com.fasterxml.jackson.datatype\jackson-datatype-jdk8\2.19.0\69312135ff6d6646203b9681fa48505f369210a6\jackson-datatype-jdk8-2.19.0.jar;C:\Users\Anom\.gradle\caches\modules-2\files-2.1\com.fasterxml.jackson.core\jackson-databind\2.19.0\b3f7506f6414fb04760561eec11a0880165c2a4a\jackson-databind-2.19.0.jar;C:\Users\Anom\.gradle\caches\modules-2\files-2.1\org.apache.tomcat.embed\tomcat-embed-websocket\10.1.41\d696393d5949252ed8d561184df118b3ca5efd07\tomcat-embed-websocket-10.1.41.jar;C:\Users\Anom\.gradle\caches\modules-2\files-2.1\org.apache.tomcat.embed\tomcat-embed-core\10.1.41\bcf9c79a4508fd36c93babc83823c09b3aa2d510\tomcat-embed-core-10.1.41.jar;C:\Users\Anom\.gradle\caches\modules-2\files-2.1\org.apache.tomcat.embed\tomcat-embed-el\10.1.41\5ca28d87f558ce31b9952dc9592f46633dc5d7a3\tomcat-embed-el-10.1.41.jar;C:\Users\Anom\.gradle\caches\modules-2\files-2.1\io.micrometer\micrometer-observation\1.15.0\1bcd42cb00aead4d441038fa86b0e6b41922e254\micrometer-observation-1.15.0.jar;C:\Users\Anom\.gradle\caches\modules-2\files-2.1\ch.qos.logback\logback-classic\1.5.18\fc371f3fc97a639de2d67947cffb7518ec5e3d40\logback-classic-1.5.18.jar;C:\Users\Anom\.gradle\caches\modules-2\files-2.1\org.apache.logging.log4j\log4j-to-slf4j\2.24.3\da1143e2a2531ee1c2d90baa98eb50a28a39d5a7\log4j-to-slf4j-2.24.3.jar;C:\Users\Anom\.gradle\caches\modules-2\files-2.1\org.slf4j\jul-to-slf4j\2.0.17\524cb6ccc2b68a57604750e1ab8b13b5a786a6aa\jul-to-slf4j-2.0.17.jar;C:\Users\Anom\.gradle\caches\modules-2\files-2.1\org.slf4j\slf4j-api\2.0.17\d9e58ac9c7779ba3bf8142aff6c830617a7fe60f\slf4j-api-2.0.17.jar;C:\Users\Anom\.gradle\caches\modules-2\files-2.1\org.springframework.security\spring-security-crypto\6.5.0\d3f68d9c0ea8ff9c02db090db5f8838481f8c5a\spring-security-crypto-6.5.0.jar;C:\Users\Anom\.gradle\caches\modules-2\files-2.1\com.nimbusds\oauth2-oidc-sdk\9.43.6\a1842456e236f53e30946b2cb0bdeb17a44cdfd3\oauth2-oidc-sdk-9.43.6.jar;C:\Users\Anom\.gradle\caches\modules-2\files-2.1\com.nimbusds\nimbus-jose-jwt\9.47\e81c184fca5c137b6d3695868f73f4d9aa686244\nimbus-jose-jwt-9.47.jar;C:\Users\Anom\.gradle\caches\modules-2\files-2.1\jakarta.persistence\jakarta.persistence-api\3.1.0\66901fa1c373c6aff65c13791cc11da72060a8d6\jakarta.persistence-api-3.1.0.jar;C:\Users\Anom\.gradle\caches\modules-2\files-2.1\jakarta.transaction\jakarta.transaction-api\2.0.1\51a520e3fae406abb84e2e1148e6746ce3f80a1a\jakarta.transaction-api-2.0.1.jar;C:\Users\Anom\.gradle\caches\modules-2\files-2.1\org.jboss.logging\jboss-logging\3.6.1.Final\886afbb445b4016a37c8960a7aef6ebd769ce7e5\jboss-logging-3.6.1.Final.jar;C:\Users\Anom\.gradle\caches\modules-2\files-2.1\org.hibernate.common\hibernate-commons-annotations\7.0.3.Final\e183c4be8bb41d12e9f19b374e00c34a0a85f439\hibernate-commons-annotations-7.0.3.Final.jar;C:\Users\Anom\.gradle\caches\modules-2\files-2.1\io.smallrye\jandex\3.2.0\f17ad860f62a08487b9edabde608f8ac55c62fa7\jandex-3.2.0.jar;C:\Users\Anom\.gradle\caches\modules-2\files-2.1\com.fasterxml\classmate\1.7.0\e98374da1f2143ac8e6e0a95036994bb19137a3\classmate-1.7.0.jar;C:\Users\Anom\.gradle\caches\modules-2\files-2.1\net.bytebuddy\byte-buddy\1.17.5\88450f120903b7e72470462cdbd2b75a3842223c\byte-buddy-1.17.5.jar;C:\Users\Anom\.gradle\caches\modules-2\files-2.1\org.glassfish.jaxb\jaxb-runtime\4.0.5\ca84c2a7169b5293e232b9d00d1e4e36d4c3914a\jaxb-runtime-4.0.5.jar;C:\Users\Anom\.gradle\caches\modules-2\files-2.1\org.glassfish.jaxb\jaxb-core\4.0.5\7b4b11ea5542eea4ad55e1080b23be436795b3\jaxb-core-4.0.5.jar;C:\Users\Anom\.gradle\caches\modules-2\files-2.1\jakarta.xml.bind\jakarta.xml.bind-api\4.0.2\6cd5a999b834b63238005b7144136379dc36cad2\jakarta.xml.bind-api-4.0.2.jar;C:\Users\Anom\.gradle\caches\modules-2\files-2.1\jakarta.inject\jakarta.inject-api\2.0.1\4c28afe1991a941d7702fe1362c365f0a8641d1e\jakarta.inject-api-2.0.1.jar;C:\Users\Anom\.gradle\caches\modules-2\files-2.1\org.antlr\antlr4-runtime\4.13.0\5a02e48521624faaf5ff4d99afc88b01686af655\antlr4-runtime-4.13.0.jar;C:\Users\Anom\.gradle\caches\modules-2\files-2.1\org.aspectj\aspectjweaver\1.9.24\9b5aeb0cea9f958b9c57fb80e62996e95a3e9379\aspectjweaver-1.9.24.jar;C:\Users\Anom\.gradle\caches\modules-2\files-2.1\org.springframework\spring-jcl\6.2.7\16b5f3446a6fcf097f4910c935086d08db657653\spring-jcl-6.2.7.jar;C:\Users\Anom\.gradle\caches\modules-2\files-2.1\io.micrometer\micrometer-commons\1.15.0\a796f0418b2e0fe42988a1ca6e240d8b3fb5e954\micrometer-commons-1.15.0.jar;C:\Users\Anom\.gradle\caches\modules-2\files-2.1\com.github.stephenc.jcip\jcip-annotations\1.0-1\ef31541dd28ae2cefdd17c7ebf352d93e9058c63\jcip-annotations-1.0-1.jar;C:\Users\Anom\.gradle\caches\modules-2\files-2.1\com.nimbusds\content-type\2.2\9a894bce7646dd4086652d85b88013229f23724b\content-type-2.2.jar;C:\Users\Anom\.gradle\caches\modules-2\files-2.1\net.minidev\json-smart\2.5.2\95d166b18f95907be0f46cdb9e1c0695eed03387\json-smart-2.5.2.jar;C:\Users\Anom\.gradle\caches\modules-2\files-2.1\com.nimbusds\lang-tag\1.7\97c73ecd70bc7e8eefb26c5eea84f251a63f1031\lang-tag-1.7.jar;C:\Users\Anom\.gradle\caches\modules-2\files-2.1\org.eclipse.angus\angus-activation\2.0.2\41f1e0ddd157c856926ed149ab837d110955a9fc\angus-activation-2.0.2.jar;C:\Users\Anom\.gradle\caches\modules-2\files-2.1\jakarta.activation\jakarta.activation-api\2.1.3\fa165bd70cda600368eee31555222776a46b881f\jakarta.activation-api-2.1.3.jar;C:\Users\Anom\.gradle\caches\modules-2\files-2.1\ch.qos.logback\logback-core\1.5.18\6c0375624f6f36b4e089e2488ba21334a11ef13f\logback-core-1.5.18.jar;C:\Users\Anom\.gradle\caches\modules-2\files-2.1\org.apache.logging.log4j\log4j-api\2.24.3\b02c125db8b6d295adf72ae6e71af5d83bce2370\log4j-api-2.24.3.jar;C:\Users\Anom\.gradle\caches\modules-2\files-2.1\net.minidev\accessors-smart\2.5.2\ce16fd235cfee48e67eda33e684423bba09f7d07\accessors-smart-2.5.2.jar;C:\Users\Anom\.gradle\caches\modules-2\files-2.1\org.glassfish.jaxb\txw2\4.0.5\f36a4ef12120a9bb06d766d6a0e54b144fd7ed98\txw2-4.0.5.jar;C:\Users\Anom\.gradle\caches\modules-2\files-2.1\com.sun.istack\istack-commons-runtime\4.1.2\18ec117c85f3ba0ac65409136afa8e42bc74e739\istack-commons-runtime-4.1.2.jar;C:\Users\Anom\.gradle\caches\modules-2\files-2.1\org.ow2.asm\asm\9.7.1\f0ed132a49244b042cd0e15702ab9f2ce3cc8436\asm-9.7.1.jar;F:\Learn\toobee-web-spring-main\build\classes\java\aot;F:\Learn\toobee-web-spring-main\build\resources\aot;F:\Learn\toobee-web-spring-main\build\generated\aotClasses
Launcher Type: SUN_STANDARD

[Global flags]
     intx CICompilerCount                          = 12                                        {product} {ergonomic}
     uint ConcGCThreads                            = 3                                         {product} {ergonomic}
     bool EnableJVMCIProduct                       = true                                {JVMCI product} {jimage}
     uint G1ConcRefinementThreads                  = 13                                        {product} {ergonomic}
   size_t G1HeapRegionSize                         = 2097152                                   {product} {ergonomic}
   size_t InitialHeapSize                          = 266338304                                 {product} {ergonomic}
   size_t MarkStackSize                            = 4194304                                   {product} {ergonomic}
   size_t MarkStackSizeMax                         = 536870912                                 {product} {ergonomic}
   size_t MaxHeapSize                              = 4257218560                                {product} {ergonomic}
   size_t MaxNewSize                               = 2554331136                                {product} {ergonomic}
   size_t MinHeapDeltaBytes                        = 2097152                                   {product} {ergonomic}
   size_t MinHeapSize                              = 8388608                                   {product} {ergonomic}
    uintx NonNMethodCodeHeapSize                   = 8126464                                {pd product} {ergonomic}
    uintx NonProfiledCodeHeapSize                  = 121831424                              {pd product} {ergonomic}
    uintx ProfiledCodeHeapSize                     = 121700352                              {pd product} {ergonomic}
    uintx ReservedCodeCacheSize                    = 251658240                              {pd product} {ergonomic}
     bool SegmentedCodeCache                       = true                                      {product} {ergonomic}
   size_t SoftMaxHeapSize                          = 4257218560                             {manageable} {ergonomic}
      int ThreadPriorityPolicy                     = 1                                         {product} {jimage}
     bool UseCompressedOops                        = true                           {product lp64_product} {ergonomic}
     bool UseG1GC                                  = true                                      {product} {ergonomic}
     bool UseLargePagesIndividualAllocation        = false                                  {pd product} {ergonomic}

Logging:
Log output configuration:
 #0: stdout all=warning uptime,level,tags foldmultilines=false
 #1: stderr all=off uptime,level,tags foldmultilines=false

Environment Variables:
JAVA_HOME=E:\Program Files\Java\jdk-24
CLASSPATH=.;%JAVA_HOME%\lib;%JAVA_HOME%\lib\tools.jar
PATH=E:\Program Files\Java\jdk-24\bin;C:\Program Files\Common Files\Oracle\Java\javapath;C:\Program Files (x86)\Common Files\Oracle\Java\javapath;C:\Program Files\Microsoft\jdk-17.0.8.101-hotspot\bin;E:\VMware\bin\;C:\Windows\system32;C:\Windows;C:\Windows\System32\Wbem;C:\Windows\System32\WindowsPowerShell\v1.0\;C:\Windows\System32\OpenSSH\;%HODOOP_HOME%\bin;E:\Maven\apache-maven-3.6.1\bin;E:\Program Files\Git\cmd;D:\Android_SDK\platform-tools;D:\Android_SDK\tools;D:\MySQL\mysql-8.0.34-winx64\bin;D:\Program Files (x86)\Tencent\web\dll;C:\Program Files (x86)\NVIDIA Corporation\PhysX\Common;C:\Program Files\NVIDIA Corporation\NVIDIA NvDLISR;C:\Program Files\dotnet\;E:\Gradle\gradle-8.5\bin;D:\Program Files (x86)\NetSarang\Xshell 8\;E:\Program Files\nodejs\;E:\Program Files\nodejs\node_global\node_modules;E:\DingZhen;E:\DingZhen\Library\mingw-w64\bin;E:\DingZhen\Library\usr\bin;E:\DingZhen\Library\bin;E:\DingZhen\Scripts;C:\Users\Anom\AppData\Local\Microsoft\WindowsApps;E:\Users\Anom\AppData\Local\Programs\Microsoft VS Code\bin;C:\Users\Anom\AppData\Local\Muse Hub\lib;D:\Aira2;D:\Program Files (x86)\Nmap;E:\Users\Anom\AppData\Local\Programs\cursor\resources\app\bin;E:\Program Files\nodejs\node_global;
USERNAME=Anom
OS=Windows_NT
PROCESSOR_IDENTIFIER=AMD64 Family 25 Model 80 Stepping 0, AuthenticAMD
TMP=C:\Users\Anom\AppData\Local\Temp
TEMP=C:\Users\Anom\AppData\Local\Temp




Periodic native trim disabled

---------------  S Y S T E M  ---------------

OS:
 Windows 10 , 64 bit Build 19041 (10.0.19041.5915)
OS uptime: 18 days 10:12 hours

CPU: total 16 (initial active 16) (16 cores per cpu, 2 threads per core) family 25 model 80 stepping 0 microcode 0x0, cx8, cmov, fxsr, ht, mmx, 3dnowpref, sse, sse2, sse3, ssse3, sse4a, sse4.1, sse4.2, popcnt, lzcnt, tsc, tscinvbit, avx, avx2, aes, erms, clmul, bmi1, bmi2, adx, sha, fma, vzeroupper, clflush, clflushopt, rdtscp, rdpid, fsrm, f16c, pku, cet_ss
Processor Information for the first 16 processors :
  Max Mhz: 3201, Current Mhz: 3201, Mhz Limit: 3201

Memory: 4k page, system-wide physical 16236M (629M free)
TotalPageFile size 27220M (AvailPageFile size 6M)
current process WorkingSet (physical memory assigned to process): 280M, peak: 363M
current process commit charge ("private bytes"): 332M, peak: 553M

vm_info: Java HotSpot(TM) 64-Bit Server VM (24+36-jvmci-b01) for windows-amd64 JRE (24+36-jvmci-b01), built on 2025-02-06T17:55:52Z with MS VC++ 17.6 (VS2022)

END.
