#
# There is insufficient memory for the Java Runtime Environment to continue.
# Native memory allocation (mmap) failed to map 266338304 bytes. Error detail: G1 virtual space
# Possible reasons:
#   The system is out of physical RAM or swap space
#   This process is running with CompressedOops enabled, and the Java Heap may be blocking the growth of the native heap
# Possible solutions:
#   Reduce memory load on the system
#   Increase physical memory or swap space
#   Check if swap backing store is full
#   Decrease Java heap size (-Xmx/-Xms)
#   Decrease number of Java threads
#   Decrease Java thread stack sizes (-Xss)
#   Set larger code cache with -XX:ReservedCodeCacheSize=
#   JVM is running with Zero Based Compressed Oops mode in which the Java heap is
#     placed in the first 32GB address space. The Java Heap base address is the
#     maximum limit for the native heap growth. Please use -XX:HeapBaseMinAddress
#     to set the Java Heap base and to place the Java Heap above 32GB virtual address.
# This output file may be truncated or incomplete.
#
#  Out of Memory Error (os_windows.cpp:3564), pid=40984, tid=50188
#
# JRE version:  (24.0+36) (build )
# Java VM: Java HotSpot(TM) 64-Bit Server VM (24+36-jvmci-b01, mixed mode, sharing, tiered, jvmci, jvmci compiler, compressed oops, compressed class ptrs, g1 gc, windows-amd64)
# No core dump will be written. Minidumps are not enabled by default on client versions of Windows
#

---------------  S U M M A R Y ------------

Command Line: -XX:ThreadPriorityPolicy=1 -XX:+UnlockExperimentalVMOptions -XX:+EnableJVMCIProduct -XX:-UnlockExperimentalVMOptions -Dfile.encoding=GBK -Duser.country=CN -Duser.language=zh -Duser.variant top.toobee.spring.Main

Host: AMD Ryzen 7 5800H with Radeon Graphics         , 16 cores, 15G,  Windows 10 , 64 bit Build 19041 (10.0.19041.5915)
Time: Tue Jul 22 21:36:04 2025  Windows 10 , 64 bit Build 19041 (10.0.19041.5915) elapsed time: 0.010817 seconds (0d 0h 0m 0s)

---------------  T H R E A D  ---------------

Current thread (0x000001e52441b3c0):  JavaThread "Unknown thread" [_thread_in_vm, id=50188, stack(0x00000051a9700000,0x00000051a9800000) (1024K)]

Stack: [0x00000051a9700000,0x00000051a9800000]
Native frames: (J=compiled Java code, j=interpreted, Vv=VM code, C=native code)
V  [jvm.dll+0x7308c9]  (no source info available)
V  [jvm.dll+0x8d9ca3]  (no source info available)
V  [jvm.dll+0x8dc13d]  (no source info available)
V  [jvm.dll+0x8dc7b3]  (no source info available)
V  [jvm.dll+0x2aa046]  (no source info available)
V  [jvm.dll+0x72cdf5]  (no source info available)
V  [jvm.dll+0x72091a]  (no source info available)
V  [jvm.dll+0x390d8a]  (no source info available)
V  [jvm.dll+0x398a96]  (no source info available)
V  [jvm.dll+0x3852de]  (no source info available)
V  [jvm.dll+0x385598]  (no source info available)
V  [jvm.dll+0x35d16c]  (no source info available)
V  [jvm.dll+0x35de2d]  (no source info available)
V  [jvm.dll+0x89d41f]  (no source info available)
V  [jvm.dll+0x3f98fd]  (no source info available)
V  [jvm.dll+0x885a76]  (no source info available)
V  [jvm.dll+0x49604e]  (no source info available)
V  [jvm.dll+0x497e21]  (no source info available)
C  [jli.dll+0x52a1]  (no source info available)
C  [ucrtbase.dll+0x21bb2]  (no source info available)
C  [KERNEL32.DLL+0x17374]  (no source info available)
C  [ntdll.dll+0x4cc91]  (no source info available)

Lock stack of current Java thread (top to bottom):


---------------  P R O C E S S  ---------------

Threads class SMR info:
_java_thread_list=0x00007ffbaa3ff318, length=0, elements={
}

Java Threads: ( => current thread )
Total: 0

Other Threads:
  0x000001e52448ca80 WorkerThread "GC Thread#0"                     [id=42944, stack(0x00000051a9800000,0x00000051a9900000) (1024K)]
  0x000001e5244a28a0 ConcurrentGCThread "G1 Main Marker"            [id=55728, stack(0x00000051a9900000,0x00000051a9a00000) (1024K)]
  0x000001e5244a4a70 WorkerThread "G1 Conc#0"                       [id=39140, stack(0x00000051a9a00000,0x00000051a9b00000) (1024K)]

[error occurred during error reporting (printing all threads), id 0xc0000005, EXCEPTION_ACCESS_VIOLATION (0xc0000005) at pc=0x00007ffba9b3158a]
VM state: not at safepoint (not fully initialized)

VM Mutex/Monitor currently owned by a thread:  ([mutex/lock_event])
[0x00007ffbaa4845c0] Heap_lock - owner thread: 0x000001e52441b3c0

Heap address: 0x0000000702400000, size: 4060 MB, Compressed Oops mode: Zero based, Oop shift amount: 3

CDS archive(s) mapped at: [0x0000000000000000-0x0000000000000000-0x0000000000000000), size 0, SharedBaseAddress: 0x0000000800000000, ArchiveRelocationMode: 1.
UseCompressedClassPointers 1, UseCompactObjectHeaders 0
Narrow klass pointer bits 32, Max shift 3
Narrow klass base: 0xffffffffffffffff, Narrow klass shift: -1
Encoding Range: [0xffffffffffffffff - 0x000000007fffffff), (2147483648 bytes)
Klass Range:    [0x0000000000000000 - 0x0000000000000000), (0 bytes)
Klass ID Range:  [4294967295 - 0) (1)

GC Precious Log:
 CardTable entry size: 512
 Card Set container configuration: InlinePtr #cards 4 size 8 Array Of Cards #cards 16 size 48 Howl #buckets 8 coarsen threshold 3686 Howl Bitmap #cards 512 size 80 coarsen threshold 460 Card regions per heap region 1 cards per card region 4096

Heap:
 garbage-first heap   total reserved 4157440K, committed 0K, used 0K [0x0000000702400000, 0x0000000800000000)
  region size 2048K, 0 young (0K), 0 survivors (0K)

[error occurred during error reporting (printing heap information), id 0xc0000005, EXCEPTION_ACCESS_VIOLATION (0xc0000005) at pc=0x00007ffba9f4e579]
GC Heap History (0 events):
No events

Dll operation events (1 events):
Event: 0.007 Loaded shared library E:\Program Files\Java\jdk-24\bin\java.dll

Deoptimization events (0 events):
No events

Classes loaded (0 events):
No events

Classes unloaded (0 events):
No events

Classes redefined (0 events):
No events

Internal exceptions (0 events):
No events

VM Operations (0 events):
No events

Memory protections (0 events):
No events

Nmethod flushes (0 events):
No events

Events (0 events):
No events


Dynamic libraries:
0x00007ff6cc980000 - 0x00007ff6cc990000 	E:\Program Files\Java\jdk-24\bin\java.exe
0x00007ffc4a1f0000 - 0x00007ffc4a3e8000 	C:\Windows\SYSTEM32\ntdll.dll
0x00007ffc48d00000 - 0x00007ffc48dc2000 	C:\Windows\System32\KERNEL32.DLL
0x00007ffc47c60000 - 0x00007ffc47f56000 	C:\Windows\System32\KERNELBASE.dll
0x00007ffc47f60000 - 0x00007ffc48060000 	C:\Windows\System32\ucrtbase.dll
0x00007ffc22a10000 - 0x00007ffc22a2b000 	E:\Program Files\Java\jdk-24\bin\VCRUNTIME140.dll
0x00007ffc23ec0000 - 0x00007ffc23ed6000 	E:\Program Files\Java\jdk-24\bin\jli.dll
0x00007ffc48560000 - 0x00007ffc486fd000 	C:\Windows\System32\USER32.dll
0x00007ffc394a0000 - 0x00007ffc3973a000 	C:\Windows\WinSxS\amd64_microsoft.windows.common-controls_6595b64144ccf1df_6.0.19041.5915_none_60b4b9d171f9c7c7\COMCTL32.dll
0x00007ffc49a80000 - 0x00007ffc49b1e000 	C:\Windows\System32\msvcrt.dll
0x00007ffc47940000 - 0x00007ffc47962000 	C:\Windows\System32\win32u.dll
0x00007ffc48700000 - 0x00007ffc4872b000 	C:\Windows\System32\GDI32.dll
0x00007ffc479f0000 - 0x00007ffc47b09000 	C:\Windows\System32\gdi32full.dll
0x00007ffc47bc0000 - 0x00007ffc47c5d000 	C:\Windows\System32\msvcp_win.dll
0x00007ffc48800000 - 0x00007ffc4882f000 	C:\Windows\System32\IMM32.DLL
0x00007ffc2e620000 - 0x00007ffc2e62c000 	E:\Program Files\Java\jdk-24\bin\vcruntime140_1.dll
0x00007ffc0b650000 - 0x00007ffc0b6de000 	E:\Program Files\Java\jdk-24\bin\msvcp140.dll
0x00007ffba97c0000 - 0x00007ffbaa562000 	E:\Program Files\Java\jdk-24\bin\server\jvm.dll
0x00007ffc498b0000 - 0x00007ffc49961000 	C:\Windows\System32\ADVAPI32.dll
0x00007ffc49980000 - 0x00007ffc49a1f000 	C:\Windows\System32\sechost.dll
0x00007ffc4a080000 - 0x00007ffc4a1a3000 	C:\Windows\System32\RPCRT4.dll
0x00007ffc47910000 - 0x00007ffc47937000 	C:\Windows\System32\bcrypt.dll
0x00007ffc48be0000 - 0x00007ffc48c4b000 	C:\Windows\System32\WS2_32.dll
0x00007ffc46e10000 - 0x00007ffc46e5b000 	C:\Windows\SYSTEM32\POWRPROF.dll
0x00007ffc40cf0000 - 0x00007ffc40cfa000 	C:\Windows\SYSTEM32\VERSION.dll
0x00007ffc3cde0000 - 0x00007ffc3ce07000 	C:\Windows\SYSTEM32\WINMM.dll
0x00007ffc46c80000 - 0x00007ffc46c92000 	C:\Windows\SYSTEM32\UMPDC.dll
0x00007ffc460d0000 - 0x00007ffc460e2000 	C:\Windows\SYSTEM32\kernel.appcore.dll
0x00007ffc240f0000 - 0x00007ffc240fa000 	E:\Program Files\Java\jdk-24\bin\jimage.dll
0x00007ffc45be0000 - 0x00007ffc45de1000 	C:\Windows\SYSTEM32\DBGHELP.DLL
0x00007ffc2d370000 - 0x00007ffc2d3a4000 	C:\Windows\SYSTEM32\dbgcore.DLL
0x00007ffc47880000 - 0x00007ffc47902000 	C:\Windows\System32\bcryptPrimitives.dll
0x00007ffc1fb40000 - 0x00007ffc1fb5e000 	E:\Program Files\Java\jdk-24\bin\java.dll
0x00007ffc48410000 - 0x00007ffc4853b000 	C:\Windows\System32\ole32.dll
0x00007ffc49540000 - 0x00007ffc49893000 	C:\Windows\System32\combase.dll
0x00007ffc48dd0000 - 0x00007ffc4953e000 	C:\Windows\System32\SHELL32.dll

dbghelp: loaded successfully - version: 4.0.5 - missing functions: none
symbol engine: initialized successfully - sym options: 0x614 - pdb path: .;E:\Program Files\Java\jdk-24\bin;C:\Windows\SYSTEM32;C:\Windows\WinSxS\amd64_microsoft.windows.common-controls_6595b64144ccf1df_6.0.19041.5915_none_60b4b9d171f9c7c7;E:\Program Files\Java\jdk-24\bin\server

VM Arguments:
jvm_args: -XX:ThreadPriorityPolicy=1 -XX:+UnlockExperimentalVMOptions -XX:+EnableJVMCIProduct -XX:-UnlockExperimentalVMOptions -Dfile.encoding=GBK -Duser.country=CN -Duser.language=zh -Duser.variant 
java_command: top.toobee.spring.Main
java_class_path (initial): F:\Learn\toobee-web-spring-main\build\classes\java\main;F:\Learn\toobee-web-spring-main\build\resources\main;C:\Users\Anom\.gradle\caches\modules-2\files-2.1\org.springframework.boot\spring-boot-starter-websocket\3.5.0\668c46001c63bd49de83bc49bfcc65873af5b059\spring-boot-starter-websocket-3.5.0.jar;C:\Users\Anom\.gradle\caches\modules-2\files-2.1\org.springframework.boot\spring-boot-starter-oauth2-authorization-server\3.5.0\6aff675818a5820330abb26b191d39161ad49c75\spring-boot-starter-oauth2-authorization-server-3.5.0.jar;C:\Users\Anom\.gradle\caches\modules-2\files-2.1\org.springframework.boot\spring-boot-starter-web\3.5.0\29c6198f7e5cd7c4b9a27045d93879e161d6cdd0\spring-boot-starter-web-3.5.0.jar;C:\Users\Anom\.gradle\caches\modules-2\files-2.1\org.springframework.boot\spring-boot-starter-security\3.5.0\f33d61f93d8a0ded9a1142996d2663105a237e76\spring-boot-starter-security-3.5.0.jar;C:\Users\Anom\.gradle\caches\modules-2\files-2.1\org.springframework.boot\spring-boot-starter-data-jpa\3.5.0\1f1b632678d5516b5866a82b282541b18f6bf84c\spring-boot-starter-data-jpa-3.5.0.jar;C:\Users\Anom\.gradle\caches\modules-2\files-2.1\org.mybatis.spring.boot\mybatis-spring-boot-starter\3.0.3\19528356bf8bad2be5f8bf796dfc30bcc4996054\mybatis-spring-boot-starter-3.0.3.jar;C:\Users\Anom\.gradle\caches\modules-2\files-2.1\org.springframework.boot\spring-boot-starter-jdbc\3.5.0\5e0188ba4c52ec7ba36b1618ff7f9738bffa1eb\spring-boot-starter-jdbc-3.5.0.jar;C:\Users\Anom\.gradle\caches\modules-2\files-2.1\org.springframework.boot\spring-boot-starter-oauth2-client\3.5.0\2f898ddeec3d812769f5d329530eb0e9175886be\spring-boot-starter-oauth2-client-3.5.0.jar;C:\Users\Anom\.gradle\caches\modules-2\files-2.1\it.unimi.dsi\fastutil\8.5.15\1e885b40c9563ab0d3899b871fd0b30e958705dc\fastutil-8.5.15.jar;C:\Users\Anom\.gradle\caches\modules-2\files-2.1\org.postgresql\postgresql\42.7.5\747897987b86c741fb8b56f6b81929ae1e6e4b46\postgresql-42.7.5.jar;C:\Users\Anom\.gradle\caches\modules-2\files-2.1\org.springframework.boot\spring-boot-starter-json\3.5.0\af98a526ea3f68c179a6c6199bb1dbe864f43b93\spring-boot-starter-json-3.5.0.jar;C:\Users\Anom\.gradle\caches\modules-2\files-2.1\org.springframework.boot\spring-boot-starter\3.5.0\f8b02201e89d294514420a586624aa7338d61f4f\spring-boot-starter-3.5.0.jar;C:\Users\Anom\.gradle\caches\modules-2\files-2.1\org.springframework.boot\spring-boot-starter-tomcat\3.5.0\2e22a33e6f9444a7248581a23541fea5c1f6c216\spring-boot-starter-tomcat-3.5.0.jar;C:\Users\Anom\.gradle\caches\modules-2\files-2.1\org.springframework\spring-webmvc\6.2.7\a1954b3a51f585c6b8582831661fec981d2571e\spring-webmvc-6.2.7.jar;C:\Users\Anom\.gradle\caches\modules-2\files-2.1\org.springframework.security\spring-security-oauth2-client\6.5.0\d78ccbd896bcd5a5b61dc92af2c2cff5845d3282\spring-security-oauth2-client-6.5.0.jar;C:\Users\Anom\.gradle\caches\modules-2\files-2.1\org.springframework.security\spring-security-oauth2-authorization-server\1.5.0\7bb35a1ac006fa2ad87390964812a989c90d2eb\spring-security-oauth2-authorization-server-1.5.0.jar;C:\Users\Anom\.gradle\caches\modules-2\files-2.1\org.springframework.security\spring-security-oauth2-resource-server\6.5.0\5caf339de7e7bc1e0025deb90c66c124bf9cb1f9\spring-security-oauth2-resource-server-6.5.0.jar;C:\Users\Anom\.gradle\caches\modules-2\files-2.1\org.springframework.security\spring-security-web\6.5.0\fe36d58e9f3b8510ad8495e2dd4df9ece8e5ee7c\spring-security-web-6.5.0.jar;C:\Users\Anom\.gradle\caches\modules-2\files-2.1\org.springframework\spring-websocket\6.2.7\3e95a06275b2c5f7c84c3503060217628a4be88e\spring-websocket-6.2.7.jar;C:\Users\Anom\.gradle\caches\modules-2\files-2.1\org.springframework.security\spring-security-oauth2-jose\6.5.0\92a74f7813f67794e11d5938d97c713aaa5c15f9\spring-security-oauth2-jose-6.5.0.jar;C:\Users\Anom\.gradle\caches\modules-2\files-2.1\org.springframework.security\spring-security-oauth2-core\6.5.0\a0b9a20b38ab590bb8d7847c0475a491d4c84940\spring-security-oauth2-core-6.5.0.jar;C:\Users\Anom\.gradle\caches\modules-2\files-2.1\org.springframework\spring-web\6.2.7\1bd08eba2f2fd69eef49473e42fe124a20e7f844\spring-web-6.2.7.jar;C:\Users\Anom\.gradle\caches\modules-2\files-2.1\org.springframework.security\spring-security-config\6.5.0\722e3b1f1e0fa3732f98d6dc69622f6edec2fa1f\spring-security-config-6.5.0.jar;C:\Users\Anom\.gradle\caches\modules-2\files-2.1\org.springframework.security\spring-security-core\6.5.0\8aaee0c3b38897272e21dc5545451493c60dbdd0\spring-security-core-6.5.0.jar;C:\Users\Anom\.gradle\caches\modules-2\files-2.1\org.springframework.data\spring-data-jpa\3.5.0\177be0a4199ea3300ee63008bbe91c8c7e639610\spring-data-jpa-3.5.0.jar;C:\Users\Anom\.gradle\caches\modules-2\files-2.1\org.mybatis.spring.boot\mybatis-spring-boot-autoconfigure\3.0.3\b73a2effa4f60a2eeca98aa12ea3437faede0f73\mybatis-spring-boot-autoconfigure-3.0.3.jar;C:\Users\Anom\.gradle\caches\modules-2\files-2.1\org.springframework.boot\spring-boot-autoconfigure\3.5.0\a7f8ba40022dd75f20ac0eafe117437a1a7f3935\spring-boot-autoconfigure-3.5.0.jar;C:\Users\Anom\.gradle\caches\modules-2\files-2.1\org.springframework.boot\spring-boot\3.5.0\ec86afc460265a0219bfafe187acb6c596ac2de1\spring-boot-3.5.0.jar;C:\Users\Anom\.gradle\caches\modules-2\files-2.1\org.springframework\spring-context\6.2.7\e0f3850bba7ff52016429e8d2fa39b5107f1fde6\spring-context-6.2.7.jar;C:\Users\Anom\.gradle\caches\modules-2\files-2.1\org.springframework\spring-aop\6.2.7\3df3ee9217cb62e65382718351e56f1eeb76e74c\spring-aop-6.2.7.jar;C:\Users\Anom\.gradle\caches\modules-2\files-2.1\com.zaxxer\HikariCP\6.3.0\bebd113244c9d9926c6b792f28110ed6380cacc2\HikariCP-6.3.0.jar;C:\Users\Anom\.gradle\caches\modules-2\files-2.1\org.springframework\spring-orm\6.2.7\a8966e1cf3591397b2b1381742877d55367f0b21\spring-orm-6.2.7.jar;C:\Users\Anom\.gradle\caches\modules-2\files-2.1\org.springframework\spring-jdbc\6.2.7\9c2a6ac46e3af69b226401678591b6fe0350a617\spring-jdbc-6.2.7.jar;C:\Users\Anom\.gradle\caches\modules-2\files-2.1\org.springframework\spring-messaging\6.2.7\4d969084e3b1915ce04d8768d89fe9c092191500\spring-messaging-6.2.7.jar;C:\Users\Anom\.gradle\caches\modules-2\files-2.1\org.hibernate.orm\hibernate-core\6.6.15.Final\9ff5f41fc240a56d7076193094602c62a5294ea5\hibernate-core-6.6.15.Final.jar;C:\Users\Anom\.gradle\caches\modules-2\files-2.1\org.springframework\spring-aspects\6.2.7\52461ec85ce1dc6e80fdca92c85bab9faebc0509\spring-aspects-6.2.7.jar;C:\Users\Anom\.gradle\caches\modules-2\files-2.1\org.mybatis\mybatis\3.5.14\d94d2267d1caf1c31748123e671dcea5ad1a6f8\mybatis-3.5.14.jar;C:\Users\Anom\.gradle\caches\modules-2\files-2.1\org.mybatis\mybatis-spring\3.0.3\5a4ab31bfb62bca615b39ade93de2a607e9b9403\mybatis-spring-3.0.3.jar;C:\Users\Anom\.gradle\caches\modules-2\files-2.1\org.checkerframework\checker-qual\3.48.3\c48effe7d78de3cf5e8a98c614281ec6a2466a77\checker-qual-3.48.3.jar;C:\Users\Anom\.gradle\caches\modules-2\files-2.1\org.springframework.boot\spring-boot-starter-logging\3.5.0\7db0461d8895f00a9841bf5558501fe90e7eba4c\spring-boot-starter-logging-3.5.0.jar;C:\Users\Anom\.gradle\caches\modules-2\files-2.1\jakarta.annotation\jakarta.annotation-api\2.1.1\48b9bda22b091b1f48b13af03fe36db3be6e1ae3\jakarta.annotation-api-2.1.1.jar;C:\Users\Anom\.gradle\caches\modules-2\files-2.1\org.springframework\spring-tx\6.2.7\6cf5d200c297fa8cc0b4cf39c1a20b310d2c3d52\spring-tx-6.2.7.jar;C:\Users\Anom\.gradle\caches\modules-2\files-2.1\org.springframework.data\spring-data-commons\3.5.0\cae371875e7267078e1d9047db769dc598156812\spring-data-commons-3.5.0.jar;C:\Users\Anom\.gradle\caches\modules-2\files-2.1\org.springframework\spring-beans\6.2.7\64119950b73943f67196705e43acddd7bf714c45\spring-beans-6.2.7.jar;C:\Users\Anom\.gradle\caches\modules-2\files-2.1\org.springframework\spring-expression\6.2.7\fa525916c85df246fcb70c771d039523dd6f12d9\spring-expression-6.2.7.jar;C:\Users\Anom\.gradle\caches\modules-2\files-2.1\org.springframework\spring-core\6.2.7\525a228b8b4323568b7aa9e49c1e1df27838adf1\spring-core-6.2.7.jar;C:\Users\Anom\.gradle\caches\modules-2\files-2.1\org.yaml\snakeyaml\2.4\e0666b825b796f85521f02360e77f4c92c5a7a07\snakeyaml-2.4.jar;C:\Users\Anom\.gradle\caches\modules-2\files-2.1\com.fasterxml.jackson.datatype\jackson-datatype-jsr310\2.19.0\4c98a2fa8b35b5ffe102438f747f7b526619fde7\jackson-datatype-jsr310-2.19.0.jar;C:\Users\Anom\.gradle\caches\modules-2\files-2.1\com.fasterxml.jackson.module\jackson-module-parameter-names\2.19.0\4963234952362539ca73c85b6a423c851f04f1d\jackson-module-parameter-names-2.19.0.jar;C:\Users\Anom\.gradle\caches\modules-2\files-2.1\com.fasterxml.jackson.core\jackson-annotations\2.19.0\fd1e7c56de1e5b658563c8c66d5074cceb4e3a0b\jackson-annotations-2.19.0.jar;C:\Users\Anom\.gradle\caches\modules-2\files-2.1\com.fasterxml.jackson.core\jackson-core\2.19.0\a90640e59ea42632a8e331ff1d6b706cf306050a\jackson-core-2.19.0.jar;C:\Users\Anom\.gradle\caches\modules-2\files-2.1\com.fasterxml.jackson.datatype\jackson-datatype-jdk8\2.19.0\69312135ff6d6646203b9681fa48505f369210a6\jackson-datatype-jdk8-2.19.0.jar;C:\Users\Anom\.gradle\caches\modules-2\files-2.1\com.fasterxml.jackson.core\jackson-databind\2.19.0\b3f7506f6414fb04760561eec11a0880165c2a4a\jackson-databind-2.19.0.jar;C:\Users\Anom\.gradle\caches\modules-2\files-2.1\org.apache.tomcat.embed\tomcat-embed-websocket\10.1.41\d696393d5949252ed8d561184df118b3ca5efd07\tomcat-embed-websocket-10.1.41.jar;C:\Users\Anom\.gradle\caches\modules-2\files-2.1\org.apache.tomcat.embed\tomcat-embed-core\10.1.41\bcf9c79a4508fd36c93babc83823c09b3aa2d510\tomcat-embed-core-10.1.41.jar;C:\Users\Anom\.gradle\caches\modules-2\files-2.1\org.apache.tomcat.embed\tomcat-embed-el\10.1.41\5ca28d87f558ce31b9952dc9592f46633dc5d7a3\tomcat-embed-el-10.1.41.jar;C:\Users\Anom\.gradle\caches\modules-2\files-2.1\io.micrometer\micrometer-observation\1.15.0\1bcd42cb00aead4d441038fa86b0e6b41922e254\micrometer-observation-1.15.0.jar;C:\Users\Anom\.gradle\caches\modules-2\files-2.1\ch.qos.logback\logback-classic\1.5.18\fc371f3fc97a639de2d67947cffb7518ec5e3d40\logback-classic-1.5.18.jar;C:\Users\Anom\.gradle\caches\modules-2\files-2.1\org.apache.logging.log4j\log4j-to-slf4j\2.24.3\da1143e2a2531ee1c2d90baa98eb50a28a39d5a7\log4j-to-slf4j-2.24.3.jar;C:\Users\Anom\.gradle\caches\modules-2\files-2.1\org.slf4j\jul-to-slf4j\2.0.17\524cb6ccc2b68a57604750e1ab8b13b5a786a6aa\jul-to-slf4j-2.0.17.jar;C:\Users\Anom\.gradle\caches\modules-2\files-2.1\org.slf4j\slf4j-api\2.0.17\d9e58ac9c7779ba3bf8142aff6c830617a7fe60f\slf4j-api-2.0.17.jar;C:\Users\Anom\.gradle\caches\modules-2\files-2.1\org.springframework.security\spring-security-crypto\6.5.0\d3f68d9c0ea8ff9c02db090db5f8838481f8c5a\spring-security-crypto-6.5.0.jar;C:\Users\Anom\.gradle\caches\modules-2\files-2.1\com.nimbusds\oauth2-oidc-sdk\9.43.6\a1842456e236f53e30946b2cb0bdeb17a44cdfd3\oauth2-oidc-sdk-9.43.6.jar;C:\Users\Anom\.gradle\caches\modules-2\files-2.1\com.nimbusds\nimbus-jose-jwt\9.47\e81c184fca5c137b6d3695868f73f4d9aa686244\nimbus-jose-jwt-9.47.jar;C:\Users\Anom\.gradle\caches\modules-2\files-2.1\jakarta.persistence\jakarta.persistence-api\3.1.0\66901fa1c373c6aff65c13791cc11da72060a8d6\jakarta.persistence-api-3.1.0.jar;C:\Users\Anom\.gradle\caches\modules-2\files-2.1\jakarta.transaction\jakarta.transaction-api\2.0.1\51a520e3fae406abb84e2e1148e6746ce3f80a1a\jakarta.transaction-api-2.0.1.jar;C:\Users\Anom\.gradle\caches\modules-2\files-2.1\org.jboss.logging\jboss-logging\3.6.1.Final\886afbb445b4016a37c8960a7aef6ebd769ce7e5\jboss-logging-3.6.1.Final.jar;C:\Users\Anom\.gradle\caches\modules-2\files-2.1\org.hibernate.common\hibernate-commons-annotations\7.0.3.Final\e183c4be8bb41d12e9f19b374e00c34a0a85f439\hibernate-commons-annotations-7.0.3.Final.jar;C:\Users\Anom\.gradle\caches\modules-2\files-2.1\io.smallrye\jandex\3.2.0\f17ad860f62a08487b9edabde608f8ac55c62fa7\jandex-3.2.0.jar;C:\Users\Anom\.gradle\caches\modules-2\files-2.1\com.fasterxml\classmate\1.7.0\e98374da1f2143ac8e6e0a95036994bb19137a3\classmate-1.7.0.jar;C:\Users\Anom\.gradle\caches\modules-2\files-2.1\net.bytebuddy\byte-buddy\1.17.5\88450f120903b7e72470462cdbd2b75a3842223c\byte-buddy-1.17.5.jar;C:\Users\Anom\.gradle\caches\modules-2\files-2.1\org.glassfish.jaxb\jaxb-runtime\4.0.5\ca84c2a7169b5293e232b9d00d1e4e36d4c3914a\jaxb-runtime-4.0.5.jar;C:\Users\Anom\.gradle\caches\modules-2\files-2.1\org.glassfish.jaxb\jaxb-core\4.0.5\7b4b11ea5542eea4ad55e1080b23be436795b3\jaxb-core-4.0.5.jar;C:\Users\Anom\.gradle\caches\modules-2\files-2.1\jakarta.xml.bind\jakarta.xml.bind-api\4.0.2\6cd5a999b834b63238005b7144136379dc36cad2\jakarta.xml.bind-api-4.0.2.jar;C:\Users\Anom\.gradle\caches\modules-2\files-2.1\jakarta.inject\jakarta.inject-api\2.0.1\4c28afe1991a941d7702fe1362c365f0a8641d1e\jakarta.inject-api-2.0.1.jar;C:\Users\Anom\.gradle\caches\modules-2\files-2.1\org.antlr\antlr4-runtime\4.13.0\5a02e48521624faaf5ff4d99afc88b01686af655\antlr4-runtime-4.13.0.jar;C:\Users\Anom\.gradle\caches\modules-2\files-2.1\org.aspectj\aspectjweaver\1.9.24\9b5aeb0cea9f958b9c57fb80e62996e95a3e9379\aspectjweaver-1.9.24.jar;C:\Users\Anom\.gradle\caches\modules-2\files-2.1\org.springframework\spring-jcl\6.2.7\16b5f3446a6fcf097f4910c935086d08db657653\spring-jcl-6.2.7.jar;C:\Users\Anom\.gradle\caches\modules-2\files-2.1\io.micrometer\micrometer-commons\1.15.0\a796f0418b2e0fe42988a1ca6e240d8b3fb5e954\micrometer-commons-1.15.0.jar;C:\Users\Anom\.gradle\caches\modules-2\files-2.1\com.github.stephenc.jcip\jcip-annotations\1.0-1\ef31541dd28ae2cefdd17c7ebf352d93e9058c63\jcip-annotations-1.0-1.jar;C:\Users\Anom\.gradle\caches\modules-2\files-2.1\com.nimbusds\content-type\2.2\9a894bce7646dd4086652d85b88013229f23724b\content-type-2.2.jar;C:\Users\Anom\.gradle\caches\modules-2\files-2.1\net.minidev\json-smart\2.5.2\95d166b18f95907be0f46cdb9e1c0695eed03387\json-smart-2.5.2.jar;C:\Users\Anom\.gradle\caches\modules-2\files-2.1\com.nimbusds\lang-tag\1.7\97c73ecd70bc7e8eefb26c5eea84f251a63f1031\lang-tag-1.7.jar;C:\Users\Anom\.gradle\caches\modules-2\files-2.1\org.eclipse.angus\angus-activation\2.0.2\41f1e0ddd157c856926ed149ab837d110955a9fc\angus-activation-2.0.2.jar;C:\Users\Anom\.gradle\caches\modules-2\files-2.1\jakarta.activation\jakarta.activation-api\2.1.3\fa165bd70cda600368eee31555222776a46b881f\jakarta.activation-api-2.1.3.jar;C:\Users\Anom\.gradle\caches\modules-2\files-2.1\ch.qos.logback\logback-core\1.5.18\6c0375624f6f36b4e089e2488ba21334a11ef13f\logback-core-1.5.18.jar;C:\Users\Anom\.gradle\caches\modules-2\files-2.1\org.apache.logging.log4j\log4j-api\2.24.3\b02c125db8b6d295adf72ae6e71af5d83bce2370\log4j-api-2.24.3.jar;C:\Users\Anom\.gradle\caches\modules-2\files-2.1\net.minidev\accessors-smart\2.5.2\ce16fd235cfee48e67eda33e684423bba09f7d07\accessors-smart-2.5.2.jar;C:\Users\Anom\.gradle\caches\modules-2\files-2.1\org.glassfish.jaxb\txw2\4.0.5\f36a4ef12120a9bb06d766d6a0e54b144fd7ed98\txw2-4.0.5.jar;C:\Users\Anom\.gradle\caches\modules-2\files-2.1\com.sun.istack\istack-commons-runtime\4.1.2\18ec117c85f3ba0ac65409136afa8e42bc74e739\istack-commons-runtime-4.1.2.jar;C:\Users\Anom\.gradle\caches\modules-2\files-2.1\org.ow2.asm\asm\9.7.1\f0ed132a49244b042cd0e15702ab9f2ce3cc8436\asm-9.7.1.jar;F:\Learn\toobee-web-spring-main\build\classes\java\aot;F:\Learn\toobee-web-spring-main\build\resources\aot;F:\Learn\toobee-web-spring-main\build\generated\aotClasses
Launcher Type: SUN_STANDARD

[Global flags]
     intx CICompilerCount                          = 12                                        {product} {ergonomic}
     uint ConcGCThreads                            = 3                                         {product} {ergonomic}
     bool EnableJVMCIProduct                       = true                                {JVMCI product} {jimage}
     uint G1ConcRefinementThreads                  = 13                                        {product} {ergonomic}
   size_t G1HeapRegionSize                         = 2097152                                   {product} {ergonomic}
   size_t InitialHeapSize                          = 266338304                                 {product} {ergonomic}
   size_t MarkStackSize                            = 4194304                                   {product} {ergonomic}
   size_t MarkStackSizeMax                         = 536870912                                 {product} {ergonomic}
   size_t MaxHeapSize                              = 4257218560                                {product} {ergonomic}
   size_t MinHeapDeltaBytes                        = 2097152                                   {product} {ergonomic}
   size_t MinHeapSize                              = 8388608                                   {product} {ergonomic}
    uintx NonNMethodCodeHeapSize                   = 8126464                                {pd product} {ergonomic}
    uintx NonProfiledCodeHeapSize                  = 121831424                              {pd product} {ergonomic}
    uintx ProfiledCodeHeapSize                     = 121700352                              {pd product} {ergonomic}
    uintx ReservedCodeCacheSize                    = 251658240                              {pd product} {ergonomic}
     bool SegmentedCodeCache                       = true                                      {product} {ergonomic}
   size_t SoftMaxHeapSize                          = 4257218560                             {manageable} {ergonomic}
      int ThreadPriorityPolicy                     = 1                                         {product} {jimage}
     bool UseCompressedOops                        = true                           {product lp64_product} {ergonomic}
     bool UseG1GC                                  = true                                      {product} {ergonomic}
     bool UseLargePagesIndividualAllocation        = false                                  {pd product} {ergonomic}

Logging:
Log output configuration:
 #0: stdout all=warning uptime,level,tags foldmultilines=false
 #1: stderr all=off uptime,level,tags foldmultilines=false

Environment Variables:
JAVA_HOME=E:\Program Files\Java\jdk-24
CLASSPATH=.;%JAVA_HOME%\lib;%JAVA_HOME%\lib\tools.jar
PATH=E:\Program Files\Java\jdk-24\bin;C:\Program Files\Common Files\Oracle\Java\javapath;C:\Program Files (x86)\Common Files\Oracle\Java\javapath;C:\Program Files\Microsoft\jdk-17.0.8.101-hotspot\bin;E:\VMware\bin\;C:\Windows\system32;C:\Windows;C:\Windows\System32\Wbem;C:\Windows\System32\WindowsPowerShell\v1.0\;C:\Windows\System32\OpenSSH\;%HODOOP_HOME%\bin;E:\Maven\apache-maven-3.6.1\bin;E:\Program Files\Git\cmd;D:\Android_SDK\platform-tools;D:\Android_SDK\tools;D:\MySQL\mysql-8.0.34-winx64\bin;D:\Program Files (x86)\Tencent\微信web开发者工具\dll;C:\Program Files (x86)\NVIDIA Corporation\PhysX\Common;C:\Program Files\NVIDIA Corporation\NVIDIA NvDLISR;C:\Program Files\dotnet\;E:\Gradle\gradle-8.5\bin;D:\Program Files (x86)\NetSarang\Xshell 8\;E:\Program Files\nodejs\;E:\Program Files\nodejs\node_global\node_modules;E:\DingZhen;E:\DingZhen\Library\mingw-w64\bin;E:\DingZhen\Library\usr\bin;E:\DingZhen\Library\bin;E:\DingZhen\Scripts;C:\Users\Anom\AppData\Local\Microsoft\WindowsApps;E:\Users\Anom\AppData\Local\Programs\Microsoft VS Code\bin;C:\Users\Anom\AppData\Local\Muse Hub\lib;D:\Aira2;D:\Program Files (x86)\Nmap;E:\Users\Anom\AppData\Local\Programs\cursor\resources\app\bin;E:\Program Files\nodejs\node_global;
USERNAME=Anom
OS=Windows_NT
PROCESSOR_IDENTIFIER=AMD64 Family 25 Model 80 Stepping 0, AuthenticAMD
TMP=C:\Users\Anom\AppData\Local\Temp
TEMP=C:\Users\Anom\AppData\Local\Temp




Periodic native trim disabled

---------------  S Y S T E M  ---------------

OS:
 Windows 10 , 64 bit Build 19041 (10.0.19041.5915)
OS uptime: 18 days 10:12 hours

CPU: total 16 (initial active 16) (16 cores per cpu, 2 threads per core) family 25 model 80 stepping 0 microcode 0x0, cx8, cmov, fxsr, ht, mmx, 3dnowpref, sse, sse2, sse3, ssse3, sse4a, sse4.1, sse4.2, popcnt, lzcnt, tsc, tscinvbit, avx, avx2, aes, erms, clmul, bmi1, bmi2, adx, sha, fma, vzeroupper, clflush, clflushopt, rdtscp, rdpid, fsrm, f16c, pku, cet_ss
Processor Information for the first 16 processors :
  Max Mhz: 3201, Current Mhz: 3201, Mhz Limit: 3201

Memory: 4k page, system-wide physical 16236M (802M free)
TotalPageFile size 27220M (AvailPageFile size 224M)
current process WorkingSet (physical memory assigned to process): 12M, peak: 12M
current process commit charge ("private bytes"): 71M, peak: 325M

vm_info: Java HotSpot(TM) 64-Bit Server VM (24+36-jvmci-b01) for windows-amd64 JRE (24+36-jvmci-b01), built on 2025-02-06T17:55:52Z with MS VC++ 17.6 (VS2022)

END.
